012 map
gridSize, numPathsDBA*, totalPathLengthDBA*, totalPathCostDBA*, numSubgoalsDBA*, pathWithSubgoalsDBA*, numStatesExpandedBFSDBA*, numStatesExpandedDBA*, numStatesExpandedHCCompressionDBA*, timeToAbstractRegionsDBA*, timeToDetermineNeighbourhoodsDBA*, totalAbstractionTimeDBA*, timeToFindPathsOfflineDBA*, timeToPerformHCCompressionDBA*, timeToGenerateDatabaseDBA*, totalTimeDBA*, numPathsPRA*, totalPathLengthPRA*, totalPathCostPRA*, numSubgoalsPRA*, pathWithSubgoalsPRA*, numStatesExpandedBFSPRA*, numStatesExpandedPRA*, numStatesExpandedHCCompressionPRA*, timeToAbstractRegionsPRA*, timeToDetermineNeighbourhoodsPRA*, totalAbstractionTimePRA*, timeToFindPathsOfflinePRA*, timeToPerformHCCompressionPRA*, timeToGenerateDatabasePRA*, totalTimePRA*
16,344,4258,47868,74,53,6176,6600,2419,2142720,703910,2907510,4800170,476370,5607710,8969820,0,0,0,0,0,6176,0,0,1728860,589270,2353230,0,0,0,2735950
32,104,2374,27828,107,52,6176,11831,5072,1522080,196990,1725100,5674590,354330,6117440,7893220,0,0,0,0,0,6176,0,0,1435990,186630,1630110,0,0,0,1673840
64,28,1080,12968,38,20,6176,6262,2562,968920,91390,1063620,2186040,142760,2350620,3455310,0,0,0,0,0,6176,0,0,950290,96610,1050470,0,0,0,1090780
128,6,368,4260,23,6,6176,3792,1247,720850,71280,797790,1089960,62040,1168630,1995950,0,0,0,0,0,6176,0,0,466820,73250,543600,0,0,0,575630
516 map
gridSize, numPathsDBA*, totalPathLengthDBA*, totalPathCostDBA*, numSubgoalsDBA*, pathWithSubgoalsDBA*, numStatesExpandedBFSDBA*, numStatesExpandedDBA*, numStatesExpandedHCCompressionDBA*, timeToAbstractRegionsDBA*, timeToDetermineNeighbourhoodsDBA*, totalAbstractionTimeDBA*, timeToFindPathsOfflineDBA*, timeToPerformHCCompressionDBA*, timeToGenerateDatabaseDBA*, totalTimeDBA*, numPathsPRA*, totalPathLengthPRA*, totalPathCostPRA*, numSubgoalsPRA*, pathWithSubgoalsPRA*, numStatesExpandedBFSPRA*, numStatesExpandedPRA*, numStatesExpandedHCCompressionPRA*, timeToAbstractRegionsPRA*, timeToDetermineNeighbourhoodsPRA*, totalAbstractionTimePRA*, timeToFindPathsOfflinePRA*, timeToPerformHCCompressionPRA*, timeToGenerateDatabasePRA*, totalTimePRA*
16,336,4326,46780,21,19,7637,4603,821,521950,185890,711150,985450,72680,1143330,1894060,0,0,0,0,0,7637,0,0,488510,198420,696320,0,0,0,734240
32,112,2514,28036,41,32,7637,4760,2492,472340,138130,617420,1074830,121700,1232270,1886830,0,0,0,0,0,7637,0,0,479080,143890,630800,0,0,0,666550
64,20,932,10096,24,15,7637,3098,2092,468860,104690,576040,775740,94520,883490,1501160,0,0,0,0,0,7637,0,0,537690,113580,659920,0,0,0,707880
128,8,694,7716,25,8,7637,5182,2748,657170,98550,758650,1456580,126280,1597970,2408880,0,0,0,0,0,7637,0,0,636580,95100,734830,0,0,0,784280
603 map
gridSize, numPathsDBA*, totalPathLengthDBA*, totalPathCostDBA*, numSubgoalsDBA*, pathWithSubgoalsDBA*, numStatesExpandedBFSDBA*, numStatesExpandedDBA*, numStatesExpandedHCCompressionDBA*, timeToAbstractRegionsDBA*, timeToDetermineNeighbourhoodsDBA*, totalAbstractionTimeDBA*, timeToFindPathsOfflineDBA*, timeToPerformHCCompressionDBA*, timeToGenerateDatabaseDBA*, totalTimeDBA*, numPathsPRA*, totalPathLengthPRA*, totalPathCostPRA*, numSubgoalsPRA*, pathWithSubgoalsPRA*, numStatesExpandedBFSPRA*, numStatesExpandedPRA*, numStatesExpandedHCCompressionPRA*, timeToAbstractRegionsPRA*, timeToDetermineNeighbourhoodsPRA*, totalAbstractionTimePRA*, timeToFindPathsOfflinePRA*, timeToPerformHCCompressionPRA*, timeToGenerateDatabasePRA*, totalTimePRA*
16,600,7600,83568,86,70,13765,9372,2886,821570,358170,1182200,1921190,245340,2349770,3588510,0,0,0,0,0,13765,0,0,833950,349250,1185990,0,0,0,1243240
32,190,4036,46636,92,58,13765,7868,4196,807250,266840,1076590,1632240,206320,1914160,3369410,0,0,0,0,0,13765,0,0,883480,270850,1157180,0,0,0,1230390
64,70,2326,27208,58,29,13765,9119,4509,806450,210720,1019450,2031600,191680,2248430,3325550,0,0,0,0,0,13765,0,0,809020,209810,1021470,0,0,0,1079230
128,26,1970,23856,81,15,13765,23071,7102,880430,178000,1061550,5512170,295570,5837930,6970930,0,0,0,0,0,13765,0,0,870200,192270,1066100,0,0,0,1128200
701 map
gridSize, numPathsDBA*, totalPathLengthDBA*, totalPathCostDBA*, numSubgoalsDBA*, pathWithSubgoalsDBA*, numStatesExpandedBFSDBA*, numStatesExpandedDBA*, numStatesExpandedHCCompressionDBA*, timeToAbstractRegionsDBA*, timeToDetermineNeighbourhoodsDBA*, totalAbstractionTimeDBA*, timeToFindPathsOfflineDBA*, timeToPerformHCCompressionDBA*, timeToGenerateDatabaseDBA*, totalTimeDBA*, numPathsPRA*, totalPathLengthPRA*, totalPathCostPRA*, numSubgoalsPRA*, pathWithSubgoalsPRA*, numStatesExpandedBFSPRA*, numStatesExpandedPRA*, numStatesExpandedHCCompressionPRA*, timeToAbstractRegionsPRA*, timeToDetermineNeighbourhoodsPRA*, totalAbstractionTimePRA*, timeToFindPathsOfflinePRA*, timeToPerformHCCompressionPRA*, timeToGenerateDatabasePRA*, totalTimePRA*
16,700,9708,107008,129,99,16142,14150,4978,958660,404920,1368100,3060340,283530,3437580,4862490,0,0,0,0,0,16142,0,0,954580,405190,1362620,0,0,0,1414900
32,248,6570,74644,179,107,16142,20558,11148,1218080,306310,1524940,6209690,537420,6787140,8376310,0,0,0,0,0,16142,0,0,1224610,302840,1528170,0,0,0,1596610
64,58,3244,36876,89,46,16142,22248,8709,935310,218380,1154220,5808240,368760,6191860,7400760,0,0,0,0,0,16142,0,0,951880,222060,1174700,0,0,0,1227740
128,18,1676,19804,62,16,16142,18814,6653,864160,178200,1042750,4825980,263740,5096460,6185180,0,0,0,0,0,16142,0,0,894590,178300,1073390,0,0,0,1120990
