hrt000d map
gridSize, numPathsDBA*, totalPathLengthDBA*, totalPathCostDBA*, numSubgoalsDBA*, pathWithSubgoalsDBA*, numStatesExpandedBFSDBA*, numStatesExpandedDBA*, numStatesExpandedHCCompressionDBA*, timeToAbstractRegionsDBA*, timeToDetermineNeighbourhoodsDBA*, totalAbstractionTimeDBA*, timeToFindPathsOfflineDBA*, timeToPerformHCCompressionDBA*, timeToGenerateDatabaseDBA*, totalTimeDBA*, numPathsPRA*, totalPathLengthPRA*, totalPathCostPRA*, numSubgoalsPRA*, pathWithSubgoalsPRA*, numStatesExpandedBFSPRA*, numStatesExpandedPRA*, numStatesExpandedHCCompressionPRA*, timeToAbstractRegionsPRA*, timeToDetermineNeighbourhoodsPRA*, totalAbstractionTimePRA*, timeToFindPathsOfflinePRA*, timeToPerformHCCompressionPRA*, timeToGenerateDatabasePRA*, totalTimePRA*
16,3944,61330,678604,374,269,106608,78431,14531,11279210,4550350,15881860,27189780,1393020,30041460,46931400,0,0,0,0,0,106608,0,0,9144810,2814670,11989700,0,0,0,12550510
32,1166,32274,364520,307,197,106608,61393,19216,5572910,1937870,7517620,14805900,953880,16109040,23887830,0,0,0,0,0,106608,0,0,6249410,1935230,8192810,0,0,0,8445990
64,356,17396,200088,268,132,106608,91525,25119,6290970,1607330,7905410,22688100,1128610,23927120,32152590,0,0,0,0,0,106608,0,0,6415100,1718370,8142120,0,0,0,8431350
128,96,10674,119612,306,59,106608,283637,35584,6303790,1389290,7700290,68062640,1530910,69636150,77625160,0,0,0,0,0,106608,0,0,6550080,1378910,7953590,0,0,0,8267390
orz100d map
gridSize, numPathsDBA*, totalPathLengthDBA*, totalPathCostDBA*, numSubgoalsDBA*, pathWithSubgoalsDBA*, numStatesExpandedBFSDBA*, numStatesExpandedDBA*, numStatesExpandedHCCompressionDBA*, timeToAbstractRegionsDBA*, timeToDetermineNeighbourhoodsDBA*, totalAbstractionTimeDBA*, timeToFindPathsOfflineDBA*, timeToPerformHCCompressionDBA*, timeToGenerateDatabaseDBA*, totalTimeDBA*, numPathsPRA*, totalPathLengthPRA*, totalPathCostPRA*, numSubgoalsPRA*, pathWithSubgoalsPRA*, numStatesExpandedBFSPRA*, numStatesExpandedPRA*, numStatesExpandedHCCompressionPRA*, timeToAbstractRegionsPRA*, timeToDetermineNeighbourhoodsPRA*, totalAbstractionTimePRA*, timeToFindPathsOfflinePRA*, timeToPerformHCCompressionPRA*, timeToGenerateDatabasePRA*, totalTimePRA*
16,3684,56544,624144,500,352,99626,76648,17758,5861720,2857910,8728380,15162840,1036320,16745710,25623760,0,0,0,0,0,99626,0,0,6317970,2775050,9103430,0,0,0,9252220
32,1120,30738,347124,464,272,99626,79353,25016,5734470,1769490,7524670,17774970,1264780,19250320,26937090,0,0,0,0,0,99626,0,0,5910110,1940840,7858320,0,0,0,8001880
64,354,18542,214472,460,194,99626,180563,39529,5362680,1382440,6749840,41670820,1853550,43605180,50510660,0,0,0,0,0,99626,0,0,5714370,1379450,7102120,0,0,0,7249480
128,110,9740,112844,255,85,99626,152498,29883,5749870,1266470,7020730,36860920,1348670,38245230,45421150,0,0,0,0,0,99626,0,0,6121460,1206780,7335090,0,0,0,7480630
orz103d map
gridSize, numPathsDBA*, totalPathLengthDBA*, totalPathCostDBA*, numSubgoalsDBA*, pathWithSubgoalsDBA*, numStatesExpandedBFSDBA*, numStatesExpandedDBA*, numStatesExpandedHCCompressionDBA*, timeToAbstractRegionsDBA*, timeToDetermineNeighbourhoodsDBA*, totalAbstractionTimeDBA*, timeToFindPathsOfflineDBA*, timeToPerformHCCompressionDBA*, timeToGenerateDatabaseDBA*, totalTimeDBA*, numPathsPRA*, totalPathLengthPRA*, totalPathCostPRA*, numSubgoalsPRA*, pathWithSubgoalsPRA*, numStatesExpandedBFSPRA*, numStatesExpandedPRA*, numStatesExpandedHCCompressionPRA*, timeToAbstractRegionsPRA*, timeToDetermineNeighbourhoodsPRA*, totalAbstractionTimePRA*, timeToFindPathsOfflinePRA*, timeToPerformHCCompressionPRA*, timeToGenerateDatabasePRA*, totalTimePRA*
16,1724,23244,245256,244,185,40392,28296,9084,3068830,1426810,4499500,5669750,525320,6400430,11063230,0,0,0,0,0,40392,0,0,3213210,1802440,5020280,0,0,0,5180490
32,524,11826,126652,208,150,40392,23315,11608,2517400,863110,3384110,4841290,573930,5488570,9039140,0,0,0,0,0,40392,0,0,2706230,1122690,3833140,0,0,0,3986850
64,196,8810,96156,278,132,40392,47200,22547,2593410,739350,3335900,9739290,1016020,10790030,14304250,0,0,0,0,0,40392,0,0,2535030,706630,3245060,0,0,0,3401790
128,50,5572,61020,224,48,40392,72311,20102,2815770,681170,3500070,15677390,1028090,16721320,20385280,0,0,0,0,0,40392,0,0,2542200,609070,3155580,0,0,0,3310970
orz300d map
gridSize, numPathsDBA*, totalPathLengthDBA*, totalPathCostDBA*, numSubgoalsDBA*, pathWithSubgoalsDBA*, numStatesExpandedBFSDBA*, numStatesExpandedDBA*, numStatesExpandedHCCompressionDBA*, timeToAbstractRegionsDBA*, timeToDetermineNeighbourhoodsDBA*, totalAbstractionTimeDBA*, timeToFindPathsOfflineDBA*, timeToPerformHCCompressionDBA*, timeToGenerateDatabaseDBA*, totalTimeDBA*, numPathsPRA*, totalPathLengthPRA*, totalPathCostPRA*, numSubgoalsPRA*, pathWithSubgoalsPRA*, numStatesExpandedBFSPRA*, numStatesExpandedPRA*, numStatesExpandedHCCompressionPRA*, timeToAbstractRegionsPRA*, timeToDetermineNeighbourhoodsPRA*, totalAbstractionTimePRA*, timeToFindPathsOfflinePRA*, timeToPerformHCCompressionPRA*, timeToGenerateDatabasePRA*, totalTimePRA*
16,3158,47990,528720,448,321,83672,66416,16783,5303600,2579910,7890910,13054360,942800,14385420,22468640,0,0,0,0,0,83672,0,0,5451400,2065240,7522370,0,0,0,7702700
32,914,24842,279704,390,222,83672,64882,22105,5256990,1601440,6859910,14120670,1060930,15329190,22379480,0,0,0,0,0,83672,0,0,4722520,1766800,6494480,0,0,0,6669340
64,280,13100,149800,280,124,83672,85059,22225,4911300,1246630,6158810,18852020,1018330,19924050,26272900,0,0,0,0,0,83672,0,0,4759990,1443270,6204380,0,0,0,6375570
128,82,7494,85776,227,50,83672,134871,21104,4958610,1032120,5991670,29397680,906170,30329710,36507910,0,0,0,0,0,83672,0,0,4663030,1034930,5699490,0,0,0,5871170
orz700d map
gridSize, numPathsDBA*, totalPathLengthDBA*, totalPathCostDBA*, numSubgoalsDBA*, pathWithSubgoalsDBA*, numStatesExpandedBFSDBA*, numStatesExpandedDBA*, numStatesExpandedHCCompressionDBA*, timeToAbstractRegionsDBA*, timeToDetermineNeighbourhoodsDBA*, totalAbstractionTimeDBA*, timeToFindPathsOfflineDBA*, timeToPerformHCCompressionDBA*, timeToGenerateDatabaseDBA*, totalTimeDBA*, numPathsPRA*, totalPathLengthPRA*, totalPathCostPRA*, numSubgoalsPRA*, pathWithSubgoalsPRA*, numStatesExpandedBFSPRA*, numStatesExpandedPRA*, numStatesExpandedHCCompressionPRA*, timeToAbstractRegionsPRA*, timeToDetermineNeighbourhoodsPRA*, totalAbstractionTimePRA*, timeToFindPathsOfflinePRA*, timeToPerformHCCompressionPRA*, timeToGenerateDatabasePRA*, totalTimePRA*
16,3628,53448,581184,221,178,95600,58821,9185,7073390,3030930,10109210,11304240,572280,12311180,23237870,0,0,0,0,0,95600,0,0,7432880,3275670,10717810,0,0,0,11537460
32,1192,30002,333372,242,187,95600,44981,16843,6924520,2485540,9411900,9636630,867530,10679370,20896840,0,0,0,0,0,95600,0,0,7201120,2539930,9742940,0,0,0,10867410
64,424,19442,217916,301,173,95600,77518,32347,6927870,2184770,9114100,16869070,1488110,18453300,28355800,0,0,0,0,0,95600,0,0,7350920,2195090,9547710,0,0,0,10591400
128,178,15108,170812,273,108,95600,123522,43817,7443390,2208940,9653850,27262090,1869440,29179080,39633730,0,0,0,0,0,95600,0,0,7202040,2000210,9203910,0,0,0,10030700
orz702d map
gridSize, numPathsDBA*, totalPathLengthDBA*, totalPathCostDBA*, numSubgoalsDBA*, pathWithSubgoalsDBA*, numStatesExpandedBFSDBA*, numStatesExpandedDBA*, numStatesExpandedHCCompressionDBA*, timeToAbstractRegionsDBA*, timeToDetermineNeighbourhoodsDBA*, totalAbstractionTimeDBA*, timeToFindPathsOfflineDBA*, timeToPerformHCCompressionDBA*, timeToGenerateDatabaseDBA*, totalTimeDBA*, numPathsPRA*, totalPathLengthPRA*, totalPathCostPRA*, numSubgoalsPRA*, pathWithSubgoalsPRA*, numStatesExpandedBFSPRA*, numStatesExpandedPRA*, numStatesExpandedHCCompressionPRA*, timeToAbstractRegionsPRA*, timeToDetermineNeighbourhoodsPRA*, totalAbstractionTimePRA*, timeToFindPathsOfflinePRA*, timeToPerformHCCompressionPRA*, timeToGenerateDatabasePRA*, totalTimePRA*
16,2650,39374,428992,176,144,71328,43501,7242,4949330,2069450,7021740,8948170,431890,9677930,17101970,0,0,0,0,0,71328,0,0,4754000,2036930,6796400,0,0,0,7190710
32,762,20084,223596,156,124,71328,29422,11540,4709850,1597640,6308540,6522970,565620,7195210,13911110,0,0,0,0,0,71328,0,0,4839550,1589180,6429860,0,0,0,6829580
64,282,13276,149276,177,109,71328,38932,19523,4766440,1337580,6104980,9383700,856680,10287640,16790830,0,0,0,0,0,71328,0,0,5123360,1399360,6523810,0,0,0,6923650
128,94,8588,97500,221,70,71328,105668,28620,4664290,1197020,5862220,24872300,1207700,26107150,32366210,0,0,0,0,0,71328,0,0,5336200,1505470,6843000,0,0,0,7266940
orz900d map
gridSize, numPathsDBA*, totalPathLengthDBA*, totalPathCostDBA*, numSubgoalsDBA*, pathWithSubgoalsDBA*, numStatesExpandedBFSDBA*, numStatesExpandedDBA*, numStatesExpandedHCCompressionDBA*, timeToAbstractRegionsDBA*, timeToDetermineNeighbourhoodsDBA*, totalAbstractionTimeDBA*, timeToFindPathsOfflineDBA*, timeToPerformHCCompressionDBA*, timeToGenerateDatabaseDBA*, totalTimeDBA*, numPathsPRA*, totalPathLengthPRA*, totalPathCostPRA*, numSubgoalsPRA*, pathWithSubgoalsPRA*, numStatesExpandedBFSPRA*, numStatesExpandedPRA*, numStatesExpandedHCCompressionPRA*, timeToAbstractRegionsPRA*, timeToDetermineNeighbourhoodsPRA*, totalAbstractionTimePRA*, timeToFindPathsOfflinePRA*, timeToPerformHCCompressionPRA*, timeToGenerateDatabasePRA*, totalTimePRA*
16,3900,55448,598656,257,202,96603,61887,10325,6382570,2915050,9299810,12248040,654360,13433420,23286310,0,0,0,0,0,96603,0,0,6812310,2885520,9700090,0,0,0,10366870
32,1250,30922,340600,288,212,96603,54640,20955,7042410,2311420,9355220,11436720,986290,12621270,22530870,0,0,0,0,0,96603,0,0,6493710,2310110,8805230,0,0,0,9332230
64,418,18100,200092,258,156,96603,62329,24541,6680740,2109220,8791440,12954240,1091830,14127640,23454300,0,0,0,0,0,96603,0,0,6401410,1885650,8288280,0,0,0,8785120
128,176,13370,149036,247,95,96603,103367,33158,6448630,1835200,8284810,25102820,1461680,26606390,35422010,0,0,0,0,0,96603,0,0,6671410,1702210,8374920,0,0,0,8890400
ost000a map
gridSize, numPathsDBA*, totalPathLengthDBA*, totalPathCostDBA*, numSubgoalsDBA*, pathWithSubgoalsDBA*, numStatesExpandedBFSDBA*, numStatesExpandedDBA*, numStatesExpandedHCCompressionDBA*, timeToAbstractRegionsDBA*, timeToDetermineNeighbourhoodsDBA*, totalAbstractionTimeDBA*, timeToFindPathsOfflineDBA*, timeToPerformHCCompressionDBA*, timeToGenerateDatabaseDBA*, totalTimeDBA*, numPathsPRA*, totalPathLengthPRA*, totalPathCostPRA*, numSubgoalsPRA*, pathWithSubgoalsPRA*, numStatesExpandedBFSPRA*, numStatesExpandedPRA*, numStatesExpandedHCCompressionPRA*, timeToAbstractRegionsPRA*, timeToDetermineNeighbourhoodsPRA*, totalAbstractionTimePRA*, timeToFindPathsOfflinePRA*, timeToPerformHCCompressionPRA*, timeToGenerateDatabasePRA*, totalTimePRA*
16,5028,76384,834176,752,577,130478,102639,30602,7852270,3398490,11252280,21330600,1741650,23695190,35294770,0,0,0,0,0,130478,0,0,8015360,3536330,11553670,0,0,0,11937140
32,1428,38138,424764,627,432,130478,81761,38761,7338890,2528230,9868170,18530480,1857650,20613940,30805990,0,0,0,0,0,130478,0,0,7449050,2715270,10165460,0,0,0,10475750
64,490,21562,242560,455,247,130478,100434,40021,7575310,2150980,9727120,23240510,1799100,25135040,35193770,0,0,0,0,0,130478,0,0,7373720,2116700,9491420,0,0,0,9808920
128,176,13878,156260,421,128,130478,189421,42263,7482230,1887860,9370970,43611090,1876220,45539640,55238150,0,0,0,0,0,130478,0,0,7930010,1852810,9784060,0,0,0,10099040
ost000t map
gridSize, numPathsDBA*, totalPathLengthDBA*, totalPathCostDBA*, numSubgoalsDBA*, pathWithSubgoalsDBA*, numStatesExpandedBFSDBA*, numStatesExpandedDBA*, numStatesExpandedHCCompressionDBA*, timeToAbstractRegionsDBA*, timeToDetermineNeighbourhoodsDBA*, totalAbstractionTimeDBA*, timeToFindPathsOfflineDBA*, timeToPerformHCCompressionDBA*, timeToGenerateDatabaseDBA*, totalTimeDBA*, numPathsPRA*, totalPathLengthPRA*, totalPathCostPRA*, numSubgoalsPRA*, pathWithSubgoalsPRA*, numStatesExpandedBFSPRA*, numStatesExpandedPRA*, numStatesExpandedHCCompressionPRA*, timeToAbstractRegionsPRA*, timeToDetermineNeighbourhoodsPRA*, totalAbstractionTimePRA*, timeToFindPathsOfflinePRA*, timeToPerformHCCompressionPRA*, timeToGenerateDatabasePRA*, totalTimePRA*
16,4066,61518,671848,509,400,105707,77230,20785,6477420,2777900,9256870,15470290,1199300,17160030,26736520,0,0,0,0,0,105707,0,0,6520970,2748860,9271650,0,0,0,9574590
32,1148,30794,343964,453,309,105707,63364,27100,6053340,2049810,8104090,13095770,1307620,14576750,22996590,0,0,0,0,0,105707,0,0,7182670,2154670,9338490,0,0,0,9653870
64,364,16226,182772,351,185,105707,65598,29524,6300590,1732200,8033630,14949130,1324790,16345220,24926730,0,0,0,0,0,105707,0,0,6397860,1726980,8125780,0,0,0,8454020
128,118,10060,112660,306,91,105707,147071,31130,6334760,1489060,7824570,34717580,1439050,36191340,44328740,0,0,0,0,0,105707,0,0,6405510,1467660,7874580,0,0,0,8180520
ost100d map
gridSize, numPathsDBA*, totalPathLengthDBA*, totalPathCostDBA*, numSubgoalsDBA*, pathWithSubgoalsDBA*, numStatesExpandedBFSDBA*, numStatesExpandedDBA*, numStatesExpandedHCCompressionDBA*, timeToAbstractRegionsDBA*, timeToDetermineNeighbourhoodsDBA*, totalAbstractionTimeDBA*, timeToFindPathsOfflineDBA*, timeToPerformHCCompressionDBA*, timeToGenerateDatabaseDBA*, totalTimeDBA*, numPathsPRA*, totalPathLengthPRA*, totalPathCostPRA*, numSubgoalsPRA*, pathWithSubgoalsPRA*, numStatesExpandedBFSPRA*, numStatesExpandedPRA*, numStatesExpandedHCCompressionPRA*, timeToAbstractRegionsPRA*, timeToDetermineNeighbourhoodsPRA*, totalAbstractionTimePRA*, timeToFindPathsOfflinePRA*, timeToPerformHCCompressionPRA*, timeToGenerateDatabasePRA*, totalTimePRA*
16,4882,75672,837036,367,288,137375,87018,15355,9423590,4209010,13634990,25524130,1012050,27198630,41447630,0,0,0,0,0,137375,0,0,8786310,3720150,12508920,0,0,0,13086250
32,1372,38408,434768,308,244,137375,57697,21400,9043950,2902860,11948210,18059540,1155560,19437370,31963640,0,0,0,0,0,137375,0,0,8518730,2862810,11383070,0,0,0,11948030
64,390,19492,222684,228,155,137375,53009,29681,8602820,2412860,11016920,18794580,1463770,20332720,31946370,0,0,0,0,0,137375,0,0,8627750,2417180,11046220,0,0,0,11638720
128,132,12702,146028,284,95,137375,157336,41711,8967670,2132170,11101120,54561280,1925480,56524390,68377530,0,0,0,0,0,137375,0,0,8821070,2082150,10904720,0,0,0,11472770
