Number of goals: 1000
hrt000d map
gridSize, #Searches, DBA totalTime, DBA numStatesExpanded, DBA numStatesExpandedHC, PRA-C totalTime, PRA-C numStatesExpanded, PRA-C numStatesExpandedHC, PRA-P totalTime, PRA-P numStatesExpanded, PRA-P numStatesExpandedHC, PRA totalTime, PRA numStatesExpanded, PRA numStatesExpandedHC,
64, 1, 16294, 0, 0, 428, 0, 0, 427, 0, 0, 415, 0, 0
64, 2, 14089, 153223, 305230, 756, 1298930, 97893, 730, 1298930, 0, 939, 2181004, 0
64, 3, 15425, 324342, 613954, 951, 2134508, 278697, 923, 2134508, 0, 1467, 4399490, 0
64, 4, 15692, 466948, 894175, 1156, 2944532, 437457, 1097, 2944532, 0, 1945, 6470685, 0
64, 5, 14263, 584144, 1217626, 1341, 3698905, 626959, 1260, 3698905, 0, 2471, 8732232, 0
64, 6, 14664, 788700, 1521355, 1531, 4535915, 808136, 1448, 4535915, 0, 3023, 11037275, 0
64, 7, 14936, 955965, 1829877, 1756, 5428448, 984655, 1644, 5428448, 0, 3628, 13244600, 0
64, 8, 14689, 1085617, 2132894, 1881, 6027907, 1164926, 1747, 6027907, 0, 4187, 15277297, 0
64, 9, 15575, 1212411, 2442606, 2102, 6961685, 1340136, 1964, 6961685, 0, 4800, 17532713, 0
64, 10, 14278, 1384009, 2772838, 2376, 7769363, 1549398, 2234, 7769363, 0, 5791, 20031530, 0
64, 11, 15136, 1662366, 3007064, 2622, 8895729, 1650924, 2480, 8895729, 0, 6258, 21743034, 0
64, 12, 16038, 1730269, 3312414, 2803, 9604396, 1837430, 2644, 9604396, 0, 6865, 24048255, 0
64, 13, 14755, 1901515, 3693801, 2982, 10298040, 2092253, 2797, 10298040, 0, 7664, 26656538, 0
64, 14, 16608, 2079825, 3933233, 2995, 10583588, 2214087, 2817, 10583588, 0, 7919, 28071893, 0
64, 15, 14254, 2132746, 4277789, 3237, 11552071, 2414521, 3030, 11552071, 0, 8714, 30738310, 0
orz100d map
gridSize, #Searches, DBA totalTime, DBA numStatesExpanded, DBA numStatesExpandedHC, PRA-C totalTime, PRA-C numStatesExpanded, PRA-C numStatesExpandedHC, PRA-P totalTime, PRA-P numStatesExpanded, PRA-P numStatesExpandedHC, PRA totalTime, PRA numStatesExpanded, PRA numStatesExpandedHC,
64, 1, 17064, 0, 0, 455, 0, 0, 457, 0, 0, 452, 0, 0
64, 2, 15664, 263816, 434615, 1424, 4048287, 182422, 1383, 4048287, 0, 1893, 6334360, 0
64, 3, 15564, 528048, 872846, 2121, 7072045, 462260, 2055, 7072045, 0, 3392, 12906063, 0
64, 4, 17095, 795234, 1323699, 2839, 10049506, 754227, 2759, 10049506, 0, 5082, 19343082, 0
64, 5, 16217, 1070555, 1773601, 3487, 12853493, 1042948, 3385, 12853493, 0, 6837, 25972460, 0
64, 6, 17094, 1375870, 2209109, 4313, 15915355, 1329226, 4168, 15915355, 0, 8625, 32747136, 0
64, 7, 16443, 1664296, 2653464, 4982, 18507950, 1610633, 4803, 18507950, 0, 10162, 38628889, 0
64, 8, 16051, 1847435, 3056722, 5820, 21503010, 1866177, 5598, 21503010, 0, 11830, 45004965, 0
64, 9, 16693, 2165385, 3522297, 6580, 24363587, 2161722, 6347, 24363587, 0, 13576, 51470393, 0
64, 10, 17363, 2614356, 3946667, 7183, 26605084, 2434983, 6904, 26605084, 0, 14988, 57127762, 0
64, 11, 16051, 2656012, 4418356, 8125, 29779342, 2751295, 7837, 29779342, 0, 17334, 64798200, 0
64, 12, 16396, 2847297, 4810889, 8990, 33237351, 2968623, 8689, 33237351, 0, 18621, 70336032, 0
64, 13, 17411, 3205586, 5326404, 10074, 37102160, 3311742, 9699, 37102160, 0, 20814, 78731853, 0
64, 14, 17489, 3349546, 5755276, 10614, 39125486, 3597601, 10248, 39125486, 0, 22350, 84521044, 0
64, 15, 17726, 3876728, 6139571, 11367, 42379096, 3817742, 10936, 42379096, 0, 23770, 90628669, 0
orz103d map
gridSize, #Searches, DBA totalTime, DBA numStatesExpanded, DBA numStatesExpandedHC, PRA-C totalTime, PRA-C numStatesExpanded, PRA-C numStatesExpandedHC, PRA-P totalTime, PRA-P numStatesExpanded, PRA-P numStatesExpandedHC, PRA totalTime, PRA numStatesExpanded, PRA numStatesExpandedHC,
64, 1, 3669, 0, 0, 214, 0, 0, 211, 0, 0, 205, 0, 0
64, 2, 4069, 135381, 595976, 596, 1433111, 345257, 541, 1433111, 0, 870, 2973825, 0
64, 3, 4040, 258458, 1182820, 795, 2162638, 800583, 700, 2162638, 0, 1499, 5851168, 0
64, 4, 4209, 411105, 1807030, 999, 2974439, 1293341, 873, 2974439, 0, 2190, 8981719, 0
64, 5, 4322, 526600, 2402339, 1201, 3730231, 1756065, 1039, 3730231, 0, 2822, 11912484, 0
64, 6, 4126, 690013, 3007147, 1391, 4495357, 2229144, 1190, 4495357, 0, 3537, 14966813, 0
64, 7, 4508, 782214, 3513871, 1581, 5262947, 2604832, 1348, 5262947, 0, 4211, 17522620, 0
64, 8, 4695, 945730, 4167601, 1791, 6122164, 3118642, 1520, 6122164, 0, 5015, 20768337, 0
64, 9, 4786, 1047169, 4731019, 1979, 6879526, 3555538, 1690, 6879526, 0, 5757, 23537680, 0
64, 10, 4777, 1232775, 5376628, 2169, 7607627, 4073128, 1829, 7607627, 0, 6548, 26664586, 0
64, 11, 4610, 1300526, 5981094, 2340, 8307216, 4538415, 1967, 8307216, 0, 7270, 29587896, 0
64, 12, 4706, 1462337, 6508352, 2573, 9205392, 4942697, 2146, 9205392, 0, 8012, 32394949, 0
64, 13, 4940, 1546771, 7079853, 2723, 9949072, 5370145, 2282, 9949072, 0, 8717, 35314548, 0
64, 14, 4724, 1704037, 7771046, 2895, 10611419, 5941765, 2411, 10611419, 0, 9541, 38503917, 0
64, 15, 5052, 1860594, 8316876, 3138, 11459153, 6356007, 2602, 11459153, 0, 10295, 41327221, 0
orz300d map
gridSize, #Searches, DBA totalTime, DBA numStatesExpanded, DBA numStatesExpandedHC, PRA-C totalTime, PRA-C numStatesExpanded, PRA-C numStatesExpandedHC, PRA-P totalTime, PRA-P numStatesExpanded, PRA-P numStatesExpandedHC, PRA totalTime, PRA numStatesExpanded, PRA numStatesExpandedHC,
64, 1, 11915, 0, 0, 438, 0, 0, 441, 0, 0, 435, 0, 0
64, 2, 11998, 168597, 298486, 929, 1947121, 80923, 907, 1947121, 0, 1124, 2853184, 0
64, 3, 11471, 343374, 590005, 1212, 3145168, 243239, 1177, 3145168, 0, 1744, 5550754, 0
64, 4, 11781, 521878, 891541, 1480, 4281981, 415025, 1445, 4281981, 0, 2424, 8436392, 0
64, 5, 11931, 747044, 1181030, 1783, 5552672, 577128, 1720, 5552672, 0, 3106, 11312378, 0
64, 6, 11770, 939767, 1488595, 2078, 6863540, 749636, 2004, 6863540, 0, 3779, 14241121, 0
64, 7, 11190, 997705, 1789314, 2290, 7792593, 923186, 2209, 7792593, 0, 4557, 17069289, 0
64, 8, 11552, 1190495, 2083263, 2556, 8896401, 1089653, 2451, 8896401, 0, 5328, 19813544, 0
64, 9, 12448, 1338022, 2379947, 2806, 10012420, 1258542, 2682, 10012420, 0, 6078, 22533732, 0
64, 10, 12143, 1537606, 2664734, 3083, 11132582, 1414086, 2936, 11132582, 0, 6788, 25216781, 0
64, 11, 13180, 1917752, 2985664, 3498, 12684464, 1604580, 3333, 12684464, 0, 7781, 28902760, 0
64, 12, 13041, 1956693, 3301009, 3745, 13582666, 1789394, 3568, 13582666, 0, 8494, 31504314, 0
64, 13, 13626, 2005144, 3578731, 4068, 14523549, 1934888, 3852, 14523549, 0, 9183, 33654477, 0
64, 14, 12231, 2113620, 3844955, 4366, 15767794, 2073843, 4159, 15767794, 0, 9755, 36180154, 0
64, 15, 13181, 2390878, 4159845, 4628, 16717124, 2268511, 4413, 16717124, 0, 10693, 39392858, 0
orz700d map
gridSize, #Searches, DBA totalTime, DBA numStatesExpanded, DBA numStatesExpandedHC, PRA-C totalTime, PRA-C numStatesExpanded, PRA-C numStatesExpandedHC, PRA-P totalTime, PRA-P numStatesExpanded, PRA-P numStatesExpandedHC, PRA totalTime, PRA numStatesExpanded, PRA numStatesExpandedHC,
64, 1, 5613, 0, 0, 245, 0, 0, 239, 0, 0, 248, 0, 0
64, 2, 6609, 105505, 622347, 622, 1383439, 363650, 580, 1383439, 0, 995, 3274999, 0
64, 3, 6021, 209424, 1251764, 819, 2044144, 863036, 738, 2044144, 0, 1731, 6521349, 0
64, 4, 6190, 299710, 1897701, 1013, 2739898, 1379416, 884, 2739898, 0, 2507, 10048006, 0
64, 5, 5563, 431936, 2490474, 1195, 3416675, 1843504, 1040, 3416675, 0, 3245, 13183597, 0
64, 6, 6390, 527142, 3109766, 1385, 4142050, 2335038, 1182, 4142050, 0, 3985, 16364501, 0
64, 7, 6062, 612802, 3747184, 1559, 4785087, 2843040, 1319, 4785087, 0, 4787, 19586956, 0
64, 8, 6906, 741680, 4406372, 1780, 5587977, 3373646, 1498, 5587977, 0, 5825, 23246853, 0
64, 9, 7083, 842022, 5001704, 1934, 6146035, 3841360, 1617, 6146035, 0, 6708, 26738518, 0
64, 10, 6585, 923230, 5656275, 2115, 6869916, 4367669, 1762, 6869916, 0, 7465, 29540266, 0
64, 11, 7013, 1019446, 6139652, 2249, 7357381, 4727778, 1868, 7357381, 0, 8289, 32742998, 0
64, 12, 7089, 1172058, 6892721, 2444, 8026474, 5350674, 2009, 8026474, 0, 9297, 36381347, 0
64, 13, 7253, 1244275, 7510075, 2609, 8704275, 5831355, 2133, 8704275, 0, 10034, 39373279, 0
64, 14, 7463, 1328412, 8077828, 2776, 9331689, 6271027, 2264, 9331689, 0, 10846, 42525860, 0
64, 15, 7688, 1483764, 8790558, 3150, 10627304, 6852405, 2689, 10627304, 0, 12091, 46879588, 0
orz702d map
gridSize, #Searches, DBA totalTime, DBA numStatesExpanded, DBA numStatesExpandedHC, PRA-C totalTime, PRA-C numStatesExpanded, PRA-C numStatesExpandedHC, PRA-P totalTime, PRA-P numStatesExpanded, PRA-P numStatesExpandedHC, PRA totalTime, PRA numStatesExpanded, PRA numStatesExpandedHC,
64, 1, 5586, 0, 0, 269, 0, 0, 267, 0, 0, 262, 0, 0
64, 2, 5755, 50834, 571281, 532, 907284, 328514, 488, 907284, 0, 757, 2142986, 0
64, 3, 6668, 103564, 1136233, 679, 1342298, 766227, 594, 1342298, 0, 1248, 4315301, 0
64, 4, 6044, 154564, 1702228, 822, 1832682, 1200231, 701, 1832682, 0, 1715, 6438456, 0
64, 5, 6506, 209165, 2294532, 937, 2287420, 1665421, 798, 2287420, 0, 2226, 8789701, 0
64, 6, 6592, 253013, 2925948, 1074, 2712652, 2165672, 888, 2712652, 0, 2736, 11059450, 0
64, 7, 6265, 304864, 3399192, 1159, 3084762, 2515535, 950, 3084762, 0, 3084, 12740920, 0
64, 8, 6728, 350571, 3960369, 1311, 3593258, 2946480, 1092, 3593258, 0, 3629, 15007490, 0
64, 9, 6699, 420228, 4576844, 1446, 4096474, 3430777, 1174, 4096474, 0, 4255, 17289249, 0
64, 10, 7085, 453218, 5213568, 1554, 4536635, 3942983, 1252, 4536635, 0, 4799, 19703880, 0
64, 11, 6570, 506684, 5795768, 1657, 4888907, 4399548, 1312, 4888907, 0, 5303, 21666380, 0
64, 12, 7136, 564927, 6317522, 1781, 5369497, 4798206, 1415, 5369497, 0, 5904, 23900551, 0
64, 13, 6567, 614220, 7012411, 1897, 5801375, 5347439, 1490, 5801375, 0, 6546, 26363388, 0
64, 14, 7122, 666692, 7477667, 2039, 6362113, 5681260, 1608, 6362113, 0, 6998, 28125422, 0
64, 15, 6273, 721123, 7955682, 2151, 6759688, 6040897, 1676, 6759688, 0, 7599, 30014244, 0
orz900d map
gridSize, #Searches, DBA totalTime, DBA numStatesExpanded, DBA numStatesExpandedHC, PRA-C totalTime, PRA-C numStatesExpanded, PRA-C numStatesExpandedHC, PRA-P totalTime, PRA-P numStatesExpanded, PRA-P numStatesExpandedHC, PRA totalTime, PRA numStatesExpanded, PRA numStatesExpandedHC,
64, 1, 7262, 0, 0, 267, 0, 0, 268, 0, 0, 266, 0, 0
64, 2, 7035, 72898, 1082378, 618, 1040711, 799203, 543, 1040711, 0, 1287, 4414465, 0
64, 3, 7365, 139832, 2123290, 806, 1493932, 1711950, 649, 1493932, 0, 2233, 8611321, 0
64, 4, 7127, 217176, 3244136, 989, 1986561, 2698748, 765, 1986561, 0, 3219, 13247707, 0
64, 5, 7565, 279167, 4340961, 1186, 2479068, 3665126, 885, 2479068, 0, 4330, 17698468, 0
64, 6, 7721, 349491, 5341236, 1333, 2924984, 4534952, 969, 2924984, 0, 5359, 21663769, 0
64, 7, 7150, 413072, 6347164, 1503, 3393626, 5407896, 1079, 3393626, 0, 6570, 25841043, 0
64, 8, 7512, 494096, 7504529, 1697, 3904711, 6438702, 1190, 3904711, 0, 7844, 30648317, 0
64, 9, 8166, 574211, 8625948, 1838, 4292218, 7427756, 1266, 4292218, 0, 8913, 35051032, 0
64, 10, 7967, 636516, 9405309, 2010, 4834228, 8084462, 1379, 4834228, 0, 9764, 38214156, 0
64, 11, 7583, 712850, 10752364, 2203, 5340376, 9290350, 1501, 5340376, 0, 11242, 43668602, 0
64, 12, 8136, 788433, 11833476, 2354, 5751092, 10242392, 1589, 5751092, 0, 12435, 48231686, 0
64, 13, 8320, 852470, 12690816, 2522, 6215570, 10977956, 1714, 6215570, 0, 13366, 51705381, 0
64, 14, 8717, 881647, 14017733, 2742, 6693873, 12164612, 1785, 6693873, 0, 14869, 56978872, 0
64, 15, 8151, 961282, 14974758, 2879, 7158675, 12990594, 1874, 7158675, 0, 15752, 60965147, 0
ost000a map
gridSize, #Searches, DBA totalTime, DBA numStatesExpanded, DBA numStatesExpandedHC, PRA-C totalTime, PRA-C numStatesExpanded, PRA-C numStatesExpandedHC, PRA-P totalTime, PRA-P numStatesExpanded, PRA-P numStatesExpandedHC, PRA totalTime, PRA numStatesExpanded, PRA numStatesExpandedHC,
64, 1, 12315, 0, 0, 401, 0, 0, 402, 0, 0, 397, 0, 0
64, 2, 11642, 119060, 505522, 776, 1359125, 268936, 735, 1359125, 0, 961, 2378861, 0
64, 3, 11631, 243537, 1023974, 1009, 2134455, 659475, 941, 2134455, 0, 1565, 4860914, 0
64, 4, 11941, 354141, 1526815, 1200, 2893170, 1035479, 1096, 2893170, 0, 2108, 7265988, 0
64, 5, 12117, 481963, 2041970, 1404, 3738166, 1416331, 1286, 3738166, 0, 2653, 9659056, 0
64, 6, 12561, 585834, 2528337, 1644, 4624425, 1772130, 1487, 4624425, 0, 3221, 12103403, 0
64, 7, 12690, 739666, 3049531, 1847, 5421407, 2168196, 1667, 5421407, 0, 3811, 14623188, 0
64, 8, 12925, 879205, 3585402, 2092, 6388354, 2555935, 1872, 6388354, 0, 4393, 17109236, 0
64, 9, 13301, 990270, 4087667, 2240, 6953007, 2934512, 2008, 6953007, 0, 4969, 19228760, 0
64, 10, 12853, 1092571, 4600330, 2493, 7918019, 3328453, 2229, 7918019, 0, 5836, 22382449, 0
64, 11, 14071, 1220134, 5089820, 2661, 8694624, 3683241, 2371, 8694624, 0, 6274, 24394374, 0
64, 12, 13227, 1303863, 5606972, 2854, 9334976, 4073312, 2532, 9334976, 0, 7009, 26685674, 0
64, 13, 14060, 1419350, 6167498, 3053, 10095945, 4495220, 2709, 10095945, 0, 7789, 29199240, 0
64, 14, 13625, 1613939, 6584097, 3272, 10967038, 4765120, 2886, 10967038, 0, 8266, 31441163, 0
64, 15, 12211, 1687879, 7099657, 3497, 11717078, 5178740, 3040, 11717078, 0, 8899, 33436600, 0
ost000t map
gridSize, #Searches, DBA totalTime, DBA numStatesExpanded, DBA numStatesExpandedHC, PRA-C totalTime, PRA-C numStatesExpanded, PRA-C numStatesExpandedHC, PRA-P totalTime, PRA-P numStatesExpanded, PRA-P numStatesExpandedHC, PRA totalTime, PRA numStatesExpanded, PRA numStatesExpandedHC,
64, 1, 11632, 0, 0, 382, 0, 0, 386, 0, 0, 384, 0, 0
64, 2, 11704, 97607, 490303, 707, 1150185, 258323, 667, 1150185, 0, 890, 2097062, 0
64, 3, 10939, 202290, 976668, 899, 1850754, 614063, 837, 1850754, 0, 1382, 4244150, 0
64, 4, 11542, 310803, 1448746, 1063, 2469522, 956403, 971, 2469522, 0, 1845, 6245267, 0
64, 5, 12057, 417525, 1941504, 1245, 3130098, 1320002, 1124, 3130098, 0, 2352, 8412472, 0
64, 6, 12167, 528148, 2421547, 1452, 3913983, 1666023, 1306, 3913983, 0, 2850, 10533703, 0
64, 7, 11178, 602780, 2889934, 1587, 4468292, 2009501, 1434, 4468292, 0, 3332, 12604994, 0
64, 8, 13152, 720976, 3430743, 1786, 5211816, 2419292, 1597, 5211816, 0, 3948, 14953009, 0
64, 9, 12321, 795416, 3896825, 1915, 5744017, 2753585, 1708, 5744017, 0, 4439, 16738585, 0
64, 10, 13015, 908037, 4402135, 2120, 6555819, 3127574, 1878, 6555819, 0, 5049, 19011148, 0
64, 11, 13019, 1050118, 4828198, 2292, 7223851, 3422000, 2015, 7223851, 0, 5549, 21060662, 0
64, 12, 12295, 1130223, 5237837, 2444, 7853872, 3701664, 2168, 7853872, 0, 5998, 22931356, 0
64, 13, 12255, 1242264, 5834385, 2591, 8380191, 4147030, 2284, 8380191, 0, 6634, 25042183, 0
64, 14, 12448, 1352020, 6268849, 2789, 9203689, 4471989, 2441, 9203689, 0, 7102, 27116226, 0
64, 15, 13413, 1430744, 6783859, 2986, 10008298, 4845915, 2632, 10008298, 0, 7731, 29323352, 0
ost100d map
gridSize, #Searches, DBA totalTime, DBA numStatesExpanded, DBA numStatesExpandedHC, PRA-C totalTime, PRA-C numStatesExpanded, PRA-C numStatesExpandedHC, PRA-P totalTime, PRA-P numStatesExpanded, PRA-P numStatesExpandedHC, PRA totalTime, PRA numStatesExpanded, PRA numStatesExpandedHC,
64, 1, 20710, 0, 0, 368, 0, 0, 367, 0, 0, 370, 0, 0
64, 2, 21823, 84311, 432643, 693, 786669, 201109, 659, 786669, 0, 855, 1365137, 0
64, 3, 23551, 162192, 860126, 872, 1233412, 503003, 812, 1233412, 0, 1317, 2746224, 0
64, 4, 22854, 234598, 1285805, 1039, 1662284, 799303, 959, 1662284, 0, 1761, 4061336, 0
64, 5, 20885, 326177, 1738857, 1216, 2180953, 1122427, 1097, 2180953, 0, 2264, 5605813, 0
64, 6, 21466, 388835, 2183759, 1356, 2542960, 1443449, 1207, 2542960, 0, 2722, 6941671, 0
64, 7, 22276, 487922, 2602141, 1547, 3075595, 1736839, 1379, 3075595, 0, 3165, 8302124, 0
64, 8, 22484, 574107, 2985509, 1692, 3501497, 1995473, 1506, 3501497, 0, 3599, 9577443, 0
64, 9, 22493, 649024, 3449416, 1835, 3917796, 2327777, 1621, 3917796, 0, 4122, 10976358, 0
64, 10, 23330, 757843, 3879176, 1995, 4359298, 2632644, 1750, 4359298, 0, 4628, 12330516, 0
64, 11, 23135, 811520, 4311200, 2162, 4845812, 2934007, 1906, 4845812, 0, 5154, 13671014, 0
64, 12, 20620, 850383, 4793406, 2301, 5244274, 3281128, 2013, 5244274, 0, 5753, 15349481, 0
64, 13, 22021, 976533, 5219248, 2474, 5677989, 3584827, 2143, 5677989, 0, 6266, 16552341, 0
64, 14, 21493, 1033099, 5558867, 2634, 6187589, 3798570, 2299, 6187589, 0, 6648, 17823046, 0
64, 15, 21227, 1153510, 6051609, 2757, 6473596, 4170405, 2382, 6473596, 0, 7135, 19088468, 0
