Number of goals: 1000
hrt000d map
gridSize, #Searches, DBA totalTime, DBA numStatesExpanded, DBA numStatesExpandedHC, PRA-C totalTime, PRA-C numStatesExpanded, PRA-C numStatesExpandedHC, PRA-P totalTime, PRA-P numStatesExpanded, PRA-P numStatesExpandedHC, PRA totalTime, PRA numStatesExpanded, PRA numStatesExpandedHC,
32, 1, 2187, 0, 0, 145, 0, 0, 140, 0, 0, 136, 0, 0
32, 2, 2503, 28086, 275963, 256, 311217, 140533, 237, 311217, 0, 321, 657284, 0
32, 3, 2107, 55999, 560266, 331, 475397, 360413, 288, 475397, 0, 499, 1334712, 0
32, 4, 2327, 84154, 830817, 377, 632999, 565108, 337, 632999, 0, 647, 1998115, 0
32, 5, 2630, 113058, 1122259, 438, 809611, 787849, 374, 809611, 0, 791, 2691803, 0
32, 6, 2243, 140386, 1389172, 504, 968499, 990943, 415, 968499, 0, 963, 3319369, 0
32, 7, 2733, 167124, 1645444, 542, 1126573, 1184294, 445, 1126573, 0, 1066, 3919971, 0
32, 8, 2302, 192792, 1938769, 587, 1275581, 1405302, 481, 1275581, 0, 1198, 4560606, 0
32, 9, 2186, 218529, 2206129, 633, 1433852, 1610182, 511, 1433852, 0, 1365, 5285161, 0
32, 10, 2681, 252028, 2484169, 681, 1589294, 1821088, 569, 1589294, 0, 1526, 5912483, 0
32, 11, 2720, 284628, 2768218, 751, 1759815, 2043164, 597, 1759815, 0, 1683, 6612700, 0
32, 12, 3151, 292034, 3002243, 782, 1878987, 2211866, 618, 1878987, 0, 1773, 7097248, 0
32, 13, 2456, 339144, 3293167, 839, 2056970, 2432898, 659, 2056970, 0, 1944, 7811464, 0
32, 14, 2841, 362778, 3596676, 896, 2245198, 2668761, 701, 2245198, 0, 2127, 8700933, 0
32, 15, 2452, 376258, 3887013, 941, 2408202, 2893775, 734, 2408202, 0, 2253, 9258155, 0
orz100d map
gridSize, #Searches, DBA totalTime, DBA numStatesExpanded, DBA numStatesExpandedHC, PRA-C totalTime, PRA-C numStatesExpanded, PRA-C numStatesExpandedHC, PRA-P totalTime, PRA-P numStatesExpanded, PRA-P numStatesExpandedHC, PRA totalTime, PRA numStatesExpanded, PRA numStatesExpandedHC,
32, 1, 2001, 0, 0, 146, 0, 0, 137, 0, 0, 138, 0, 0
32, 2, 2466, 34564, 366037, 305, 436504, 237281, 282, 436504, 0, 455, 1187732, 0
32, 3, 2362, 72562, 728900, 424, 710603, 536797, 369, 710603, 0, 755, 2428677, 0
32, 4, 2099, 113958, 1083815, 494, 882972, 831018, 427, 882972, 0, 1007, 3526073, 0
32, 5, 2205, 148056, 1456805, 581, 1116981, 1141827, 489, 1116981, 0, 1306, 4740225, 0
32, 6, 2367, 184343, 1816851, 693, 1386849, 1442062, 559, 1386849, 0, 1606, 6045735, 0
32, 7, 2141, 220989, 2191371, 780, 1609946, 1752551, 630, 1609946, 0, 1900, 7266019, 0
32, 8, 2641, 266589, 2535139, 839, 1763802, 2032562, 673, 1763802, 0, 2121, 8224399, 0
32, 9, 2714, 303816, 2953249, 949, 2066442, 2392925, 750, 2066442, 0, 2476, 9737382, 0
32, 10, 2195, 327826, 3325176, 1023, 2248123, 2702558, 813, 2248123, 0, 2765, 10960826, 0
32, 11, 3060, 369208, 3645622, 1117, 2511035, 2959920, 882, 2511035, 0, 3017, 11981746, 0
32, 12, 2771, 415833, 3976093, 1166, 2660360, 3226813, 916, 2660360, 0, 3252, 12974885, 0
32, 13, 2696, 446930, 4381384, 1275, 2951013, 3568697, 992, 2951013, 0, 3626, 14394400, 0
32, 14, 2522, 462371, 4717564, 1332, 3086435, 3843447, 1025, 3086435, 0, 3910, 15524966, 0
32, 15, 3093, 512629, 5090884, 1462, 3368677, 4161376, 1119, 3368677, 0, 4278, 16782449, 0
orz103d map
gridSize, #Searches, DBA totalTime, DBA numStatesExpanded, DBA numStatesExpandedHC, PRA-C totalTime, PRA-C numStatesExpanded, PRA-C numStatesExpandedHC, PRA-P totalTime, PRA-P numStatesExpanded, PRA-P numStatesExpandedHC, PRA totalTime, PRA numStatesExpanded, PRA numStatesExpandedHC,
32, 1, 809, 0, 0, 82, 0, 0, 82, 0, 0, 77, 0, 0
32, 2, 883, 30281, 597586, 218, 304970, 445011, 176, 304970, 0, 372, 1220323, 0
32, 3, 952, 58576, 1218432, 317, 454145, 987397, 221, 454145, 0, 654, 2477834, 0
32, 4, 1064, 86790, 1811047, 396, 605704, 1500178, 270, 605704, 0, 920, 3694411, 0
32, 5, 1117, 114739, 2459157, 482, 747850, 2083469, 306, 747850, 0, 1217, 5010884, 0
32, 6, 1103, 142402, 2984031, 553, 904588, 2515987, 349, 904588, 0, 1440, 6054061, 0
32, 7, 1210, 180378, 3631584, 641, 1078831, 3090012, 383, 1078831, 0, 1737, 7427078, 0
32, 8, 1223, 208534, 4269790, 697, 1199309, 3640521, 420, 1199309, 0, 2021, 8668473, 0
32, 9, 1243, 234705, 4786091, 769, 1365721, 4072459, 443, 1365721, 0, 2217, 9736339, 0
32, 10, 1248, 269256, 5425162, 844, 1522313, 4660806, 488, 1522313, 0, 2514, 11078974, 0
32, 11, 1306, 291710, 6024608, 911, 1650888, 5172887, 513, 1650888, 0, 2769, 12296078, 0
32, 12, 1408, 326389, 6589114, 968, 1804208, 5650502, 544, 1804208, 0, 3018, 13350623, 0
32, 13, 1606, 347923, 7386091, 1073, 1973900, 6394534, 588, 1973900, 0, 3486, 15112485, 0
32, 14, 1630, 379745, 7905107, 1134, 2117327, 6793830, 614, 2117327, 0, 3716, 16056341, 0
32, 15, 1612, 426753, 8462974, 1211, 2260004, 7297281, 645, 2260004, 0, 3988, 17180951, 0
orz300d map
gridSize, #Searches, DBA totalTime, DBA numStatesExpanded, DBA numStatesExpandedHC, PRA-C totalTime, PRA-C numStatesExpanded, PRA-C numStatesExpandedHC, PRA-P totalTime, PRA-P numStatesExpanded, PRA-P numStatesExpandedHC, PRA totalTime, PRA numStatesExpanded, PRA numStatesExpandedHC,
32, 1, 1964, 0, 0, 138, 0, 0, 142, 0, 0, 135, 0, 0
32, 2, 1821, 41287, 259399, 290, 518777, 124059, 273, 518777, 0, 400, 1111496, 0
32, 3, 1878, 77981, 521645, 370, 741651, 320531, 334, 741651, 0, 646, 2221740, 0
32, 4, 1777, 113538, 799150, 448, 985650, 531613, 382, 985650, 0, 901, 3386820, 0
32, 5, 2001, 145566, 1041078, 499, 1197407, 707789, 441, 1197407, 0, 1103, 4336224, 0
32, 6, 2166, 196933, 1316385, 567, 1435502, 916008, 488, 1435502, 0, 1361, 5557536, 0
32, 7, 1991, 238315, 1577157, 633, 1700837, 1110731, 546, 1700837, 0, 1608, 6698176, 0
32, 8, 2187, 270806, 1831130, 704, 1958406, 1297211, 593, 1958406, 0, 1819, 7752138, 0
32, 9, 1996, 308128, 2097782, 745, 2087317, 1501591, 632, 2087317, 0, 2031, 8711107, 0
32, 10, 2387, 353795, 2390157, 827, 2353672, 1728106, 699, 2353672, 0, 2354, 10132650, 0
32, 11, 2440, 394398, 2605658, 867, 2597338, 1875299, 735, 2597338, 0, 2543, 11063156, 0
32, 12, 2035, 450615, 2900387, 945, 2773771, 2109191, 792, 2773771, 0, 2813, 12288652, 0
32, 13, 2312, 458582, 3128841, 1015, 3110763, 2263383, 844, 3110763, 0, 3037, 13277712, 0
32, 14, 2501, 519789, 3428445, 1068, 3323380, 2499406, 880, 3323380, 0, 3392, 14699742, 0
32, 15, 2283, 555284, 3674843, 1143, 3629846, 2675089, 946, 3629846, 0, 3569, 15512963, 0
orz700d map
gridSize, #Searches, DBA totalTime, DBA numStatesExpanded, DBA numStatesExpandedHC, PRA-C totalTime, PRA-C numStatesExpanded, PRA-C numStatesExpandedHC, PRA-P totalTime, PRA-P numStatesExpanded, PRA-P numStatesExpandedHC, PRA totalTime, PRA numStatesExpanded, PRA numStatesExpandedHC,
32, 1, 1238, 0, 0, 103, 0, 0, 100, 0, 0, 99, 0, 0
32, 2, 1388, 25289, 594793, 238, 229184, 453959, 191, 229184, 0, 318, 820070, 0
32, 3, 1623, 52084, 1176393, 333, 348059, 971718, 238, 348059, 0, 503, 1612798, 0
32, 4, 1589, 76426, 1776382, 408, 453623, 1508889, 278, 453623, 0, 690, 2425745, 0
32, 5, 1755, 102369, 2331040, 496, 589668, 1999060, 323, 589668, 0, 860, 3226676, 0
32, 6, 1695, 125774, 2951006, 588, 714743, 2553674, 355, 714743, 0, 1055, 4070198, 0
32, 7, 1798, 152617, 3570468, 658, 830030, 3109646, 397, 830030, 0, 1233, 4918422, 0
32, 8, 1823, 180521, 4161820, 727, 944649, 3637290, 437, 944649, 0, 1423, 5728171, 0
32, 9, 2091, 207358, 4734712, 797, 1074816, 4145880, 472, 1074816, 0, 1586, 6522321, 0
32, 10, 2046, 215731, 5321952, 866, 1173203, 4662630, 502, 1173203, 0, 1771, 7290945, 0
32, 11, 1936, 249816, 5978152, 948, 1297213, 5259773, 530, 1297213, 0, 1951, 8210748, 0
32, 12, 2133, 281274, 6419041, 1012, 1424547, 5638884, 565, 1424547, 0, 2098, 8861914, 0
32, 13, 2020, 300345, 7072680, 1089, 1510094, 6232219, 593, 1510094, 0, 2259, 9671133, 0
32, 14, 2364, 330990, 7729256, 1157, 1642795, 6824636, 637, 1642795, 0, 2520, 10680326, 0
32, 15, 2341, 361622, 8269116, 1241, 1791563, 7303659, 671, 1791563, 0, 2641, 11379768, 0
orz702d map
gridSize, #Searches, DBA totalTime, DBA numStatesExpanded, DBA numStatesExpandedHC, PRA-C totalTime, PRA-C numStatesExpanded, PRA-C numStatesExpandedHC, PRA-P totalTime, PRA-P numStatesExpanded, PRA-P numStatesExpandedHC, PRA totalTime, PRA numStatesExpanded, PRA numStatesExpandedHC,
32, 1, 1437, 0, 0, 106, 0, 0, 108, 0, 0, 110, 0, 0
32, 2, 1447, 24311, 542780, 229, 242196, 403455, 191, 242196, 0, 324, 885457, 0
32, 3, 1576, 48459, 1086454, 318, 357458, 882559, 240, 357458, 0, 534, 1774154, 0
32, 4, 1665, 73530, 1619742, 395, 477477, 1349031, 272, 477477, 0, 730, 2645694, 0
32, 5, 1484, 98007, 2134091, 465, 593023, 1798563, 307, 593023, 0, 912, 3463044, 0
32, 6, 1882, 120467, 2713073, 534, 713665, 2312560, 349, 713665, 0, 1126, 4413686, 0
32, 7, 1871, 141765, 3311316, 613, 846579, 2845847, 381, 846579, 0, 1359, 5424105, 0
32, 8, 1797, 170186, 3780273, 670, 957711, 3246893, 419, 957711, 0, 1503, 6138546, 0
32, 9, 1972, 194185, 4402848, 745, 1068997, 3805998, 453, 1068997, 0, 1718, 7137617, 0
32, 10, 2041, 212709, 4901819, 805, 1191308, 4242704, 473, 1191308, 0, 1924, 8011152, 0
32, 11, 2073, 239292, 5472818, 872, 1295852, 4745358, 503, 1295852, 0, 2119, 8891068, 0
32, 12, 2131, 267242, 6023023, 947, 1431666, 5231442, 540, 1431666, 0, 2291, 9809225, 0
32, 13, 2084, 294518, 6568382, 996, 1577063, 5712939, 560, 1577063, 0, 2495, 10780188, 0
32, 14, 2307, 324542, 7093457, 1088, 1690581, 6167604, 610, 1690581, 0, 2680, 11498572, 0
32, 15, 2286, 344055, 7629823, 1150, 1807647, 6637728, 645, 1807647, 0, 2856, 12409404, 0
orz900d map
gridSize, #Searches, DBA totalTime, DBA numStatesExpanded, DBA numStatesExpandedHC, PRA-C totalTime, PRA-C numStatesExpanded, PRA-C numStatesExpandedHC, PRA-P totalTime, PRA-P numStatesExpanded, PRA-P numStatesExpandedHC, PRA totalTime, PRA numStatesExpanded, PRA numStatesExpandedHC,
32, 1, 1326, 0, 0, 100, 0, 0, 106, 0, 0, 103, 0, 0
32, 2, 1634, 34897, 1044967, 317, 316934, 896689, 232, 316934, 0, 736, 2563921, 0
32, 3, 1805, 70364, 2078635, 472, 466041, 1863947, 316, 466041, 0, 1341, 5104007, 0
32, 4, 1771, 100569, 3182604, 626, 590328, 2899311, 392, 590328, 0, 2020, 7792445, 0
32, 5, 1966, 137022, 4115388, 745, 725925, 3765675, 446, 725925, 0, 2554, 10099256, 0
32, 6, 1966, 164230, 5153826, 896, 887832, 4726992, 523, 887832, 0, 3206, 12677825, 0
32, 7, 2200, 226321, 6262350, 1026, 1026885, 5780803, 581, 1026885, 0, 3855, 15450298, 0
32, 8, 2388, 235466, 7303884, 1153, 1173427, 6742011, 644, 1173427, 0, 4499, 17870725, 0
32, 9, 2306, 290915, 8429512, 1305, 1317821, 7807479, 702, 1317821, 0, 5360, 20790681, 0
32, 10, 2428, 322349, 9363301, 1425, 1446511, 8676240, 763, 1446511, 0, 5951, 23114469, 0
32, 11, 2494, 351570, 10511594, 1557, 1569909, 9753689, 822, 1569909, 0, 6789, 25951098, 0
32, 12, 2711, 359486, 11414319, 1660, 1700909, 10580378, 866, 1700909, 0, 7350, 27954764, 0
32, 13, 2453, 425416, 12535672, 1852, 1917163, 11634908, 956, 1917163, 0, 8233, 30932042, 0
32, 14, 2831, 489738, 13753227, 1966, 2022648, 12800738, 1019, 2022648, 0, 8963, 33911233, 0
32, 15, 3037, 511400, 14587308, 2084, 2205628, 13559974, 1073, 2205628, 0, 9507, 35830799, 0
ost000a map
gridSize, #Searches, DBA totalTime, DBA numStatesExpanded, DBA numStatesExpandedHC, PRA-C totalTime, PRA-C numStatesExpanded, PRA-C numStatesExpandedHC, PRA-P totalTime, PRA-P numStatesExpanded, PRA-P numStatesExpandedHC, PRA totalTime, PRA numStatesExpanded, PRA numStatesExpandedHC,
32, 1, 2216, 0, 0, 128, 0, 0, 129, 0, 0, 131, 0, 0
32, 2, 1775, 30047, 469775, 272, 316744, 334211, 235, 316744, 0, 361, 928552, 0
32, 3, 2256, 62072, 946197, 375, 495663, 742273, 308, 495663, 0, 601, 1888185, 0
32, 4, 2456, 92625, 1413999, 457, 655452, 1143061, 349, 655452, 0, 791, 2790184, 0
32, 5, 2198, 124978, 1871809, 527, 836422, 1529461, 404, 836422, 0, 997, 3710178, 0
32, 6, 2432, 159504, 2340394, 602, 1014870, 1930443, 448, 1014870, 0, 1200, 4668161, 0
32, 7, 2608, 188900, 2789626, 686, 1174637, 2316801, 496, 1174637, 0, 1404, 5531257, 0
32, 8, 2383, 211933, 3289886, 749, 1314774, 2750582, 537, 1314774, 0, 1609, 6498167, 0
32, 9, 2446, 255883, 3723812, 828, 1548119, 3114183, 591, 1548119, 0, 1828, 7472708, 0
32, 10, 2896, 280423, 4193881, 880, 1653207, 3516993, 618, 1653207, 0, 1995, 8318160, 0
32, 11, 2910, 303570, 4679524, 981, 1877579, 3933367, 670, 1877579, 0, 2222, 9334378, 0
32, 12, 2786, 331711, 5111691, 1043, 2046490, 4298486, 711, 2046490, 0, 2411, 10195981, 0
32, 13, 2911, 358454, 5614804, 1103, 2175385, 4738022, 755, 2175385, 0, 2618, 11166748, 0
32, 14, 3248, 412201, 6087653, 1183, 2361769, 5140086, 796, 2361769, 0, 2809, 12033452, 0
32, 15, 2711, 434478, 6497943, 1249, 2556993, 5487800, 849, 2556993, 0, 3030, 13029382, 0
ost000t map
gridSize, #Searches, DBA totalTime, DBA numStatesExpanded, DBA numStatesExpandedHC, PRA-C totalTime, PRA-C numStatesExpanded, PRA-C numStatesExpandedHC, PRA-P totalTime, PRA-P numStatesExpanded, PRA-P numStatesExpandedHC, PRA totalTime, PRA numStatesExpanded, PRA numStatesExpandedHC,
32, 1, 2020, 0, 0, 130, 0, 0, 125, 0, 0, 125, 0, 0
32, 2, 2307, 30706, 439974, 252, 286765, 305627, 226, 286765, 0, 330, 810906, 0
32, 3, 2356, 62314, 885496, 343, 437294, 685108, 271, 437294, 0, 509, 1614968, 0
32, 4, 2192, 91087, 1329027, 414, 592775, 1061051, 324, 592775, 0, 696, 2440144, 0
32, 5, 2511, 122859, 1772505, 491, 734767, 1437998, 366, 734767, 0, 877, 3243020, 0
32, 6, 2250, 154133, 2199247, 560, 897488, 1798072, 413, 897488, 0, 1043, 4032794, 0
32, 7, 2435, 185678, 2696680, 629, 1039330, 2229730, 450, 1039330, 0, 1233, 4927312, 0
32, 8, 2623, 215465, 3109296, 701, 1221546, 2575784, 502, 1221546, 0, 1403, 5702018, 0
32, 9, 2702, 241110, 3550892, 757, 1340776, 2951393, 529, 1340776, 0, 1560, 6474936, 0
32, 10, 3010, 274102, 3940792, 824, 1504072, 3272605, 569, 1504072, 0, 1711, 7198923, 0
32, 11, 2182, 308656, 4491342, 904, 1657720, 3756757, 625, 1657720, 0, 1935, 8221200, 0
32, 12, 3628, 333830, 4892049, 950, 1777858, 4092549, 646, 1777858, 0, 2069, 8906519, 0
32, 13, 3186, 379476, 5377987, 1056, 1976629, 4508827, 704, 1976629, 0, 2310, 9853980, 0
32, 14, 3566, 410584, 5884962, 1114, 2094438, 4951417, 739, 2094438, 0, 2507, 10794531, 0
32, 15, 3213, 431519, 6206883, 1166, 2279196, 5205632, 776, 2279196, 0, 2626, 11369517, 0
ost100d map
gridSize, #Searches, DBA totalTime, DBA numStatesExpanded, DBA numStatesExpandedHC, PRA-C totalTime, PRA-C numStatesExpanded, PRA-C numStatesExpandedHC, PRA-P totalTime, PRA-P numStatesExpanded, PRA-P numStatesExpandedHC, PRA totalTime, PRA numStatesExpanded, PRA numStatesExpandedHC,
32, 1, 3090, 0, 0, 128, 0, 0, 128, 0, 0, 129, 0, 0
32, 2, 3067, 26389, 432039, 282, 251259, 257964, 251, 251259, 0, 348, 606153, 0
32, 3, 3192, 50385, 859448, 373, 379516, 592195, 312, 379516, 0, 561, 1211697, 0
32, 4, 3696, 81244, 1259659, 462, 519003, 924138, 366, 519003, 0, 765, 1821116, 0
32, 5, 3463, 111320, 1688623, 554, 667785, 1255449, 434, 667785, 0, 977, 2432031, 0
32, 6, 3656, 133857, 2123390, 619, 792473, 1600327, 467, 792473, 0, 1160, 3036601, 0
32, 7, 4059, 159111, 2569036, 727, 910040, 1932752, 532, 910040, 0, 1356, 3610686, 0
32, 8, 3728, 186841, 3008525, 772, 1053466, 2294627, 573, 1053466, 0, 1557, 4288009, 0
32, 9, 2994, 211224, 3430324, 871, 1199692, 2621212, 628, 1199692, 0, 1774, 4881009, 0
32, 10, 4317, 243435, 3838654, 933, 1332515, 2964852, 671, 1332515, 0, 1948, 5523413, 0
32, 11, 3572, 270078, 4100768, 985, 1457184, 3213201, 707, 1457184, 0, 2078, 6006588, 0
32, 12, 4507, 292758, 4673950, 1076, 1608208, 3608427, 762, 1608208, 0, 2334, 6744689, 0
32, 13, 3736, 318912, 5117162, 1160, 1722235, 3994674, 807, 1722235, 0, 2524, 7321699, 0
32, 14, 4311, 348264, 5470779, 1215, 1856378, 4270713, 850, 1856378, 0, 2710, 7957404, 0
32, 15, 4553, 380136, 5915291, 1289, 2010685, 4642152, 901, 2010685, 0, 2874, 8581983, 0
