012 map
gridSize, totalNumberOfStatesExpandedDBA, dbaPathfindingTime, dbaTotalTime, totalNumberOfStatesExpandedPRA, praPathfindingTime, praTotalTime
16, 4291, 3.3127, 3.474
32, 2431, 0.7508, 0.7846
64, 1103, 0.2991, 0.3316
128, 379, 0.1012, 0.1107
6600, 5.2223, 5.3473
11831, 9.5785, 9.6365
6262, 5.5131, 5.5374
3792, 3.2418, 3.2501
516 map
gridSize, totalNumberOfStatesExpandedDBA, dbaPathfindingTime, dbaTotalTime, totalNumberOfStatesExpandedPRA, praPathfindingTime, praTotalTime
16, 4330, 2.3664, 2.4385
32, 2534, 1.0696, 1.0997
64, 938, 0.2927, 0.304
128, 704, 0.1847, 0.1914
4603, 5.6623, 5.7309
4761, 3.9256, 3.9665
3098, 2.4578, 2.4749
5182, 4.3751, 4.3901
603 map
gridSize, totalNumberOfStatesExpandedDBA, dbaPathfindingTime, dbaTotalTime, totalNumberOfStatesExpandedPRA, praPathfindingTime, praTotalTime
16, 7646, 3.9644, 4.1183
32, 4081, 1.2986, 1.349
64, 2355, 0.5775, 0.6009
128, 2013, 0.5846, 0.609
9372, 6.8612, 7.0285
7867, 8.0368, 8.0958
9119, 5.3108, 5.3518
23071, 12.1038, 12.1258
701 map
gridSize, totalNumberOfStatesExpandedDBA, dbaPathfindingTime, dbaTotalTime, totalNumberOfStatesExpandedPRA, praPathfindingTime, praTotalTime
16, 9781, 1.6991, 1.8072
32, 6654, 0.8332, 0.88
64, 3319, 0.3511, 0.3777
128, 1702, 0.167, 0.1827
14150, 5.0015, 5.1498
20558, 8.1035, 8.2357
22248, 9.2984, 9.3301
18814, 10.5979, 10.6176
