Number of goals: 1000
hrt000d map
gridSize, #Searches, DBA totalTime, DBA numStatesExpanded, DBA numStatesExpandedHC, PRA-C totalTime, PRA-C numStatesExpanded, PRA-C numStatesExpandedHC, PRA-P totalTime, PRA-P numStatesExpanded, PRA-P numStatesExpandedHC, PRA totalTime, PRA numStatesExpanded, PRA numStatesExpandedHC,
32, 1, 2273, 0, 0, 146, 0, 0, 134, 0, 0, 130, 0, 0
32, 2, 2957, 32074, 210750, 306, 287618, 137755, 275, 286897, 0, 410, 618028, 0
32, 3, 2298, 64984, 426241, 416, 483012, 324525, 392, 480840, 0, 714, 1257504, 0
32, 4, 2835, 96690, 635874, 532, 660619, 500555, 485, 656704, 0, 984, 1870048, 0
32, 5, 2248, 153561, 885474, 615, 812749, 706344, 560, 810144, 0, 1263, 2530112, 0
32, 6, 2679, 162196, 1054754, 619, 948355, 872389, 548, 953226, 0, 1258, 3043658, 0
32, 7, 2589, 213406, 1285556, 720, 1141714, 1082422, 638, 1143134, 0, 1521, 3763119, 0
32, 8, 2679, 208359, 1460139, 791, 1261241, 1263719, 692, 1253516, 0, 1716, 4274832, 0
32, 9, 2410, 276046, 1723478, 888, 1461291, 1494266, 788, 1463500, 0, 2022, 5096392, 0
32, 10, 2882, 318738, 1971805, 971, 1597510, 1701201, 839, 1589496, 0, 2251, 5731621, 0
orz100d map
gridSize, #Searches, DBA totalTime, DBA numStatesExpanded, DBA numStatesExpandedHC, PRA-C totalTime, PRA-C numStatesExpanded, PRA-C numStatesExpandedHC, PRA-P totalTime, PRA-P numStatesExpanded, PRA-P numStatesExpandedHC, PRA totalTime, PRA numStatesExpanded, PRA numStatesExpandedHC,
32, 1, 2385, 0, 0, 144, 0, 0, 139, 0, 0, 136, 0, 0
32, 2, 2557, 35166, 217991, 366, 419570, 215750, 341, 427171, 0, 585, 1122585, 0
32, 3, 2692, 77069, 425500, 510, 678469, 494821, 475, 695187, 0, 1007, 2217720, 0
32, 4, 2625, 99915, 638318, 651, 905525, 763251, 572, 896504, 0, 1423, 3297633, 0
32, 5, 2309, 153395, 859823, 788, 1158268, 1014713, 704, 1168155, 0, 1859, 4364317, 0
32, 6, 2542, 172280, 1098856, 913, 1346332, 1314964, 813, 1344704, 0, 2299, 5532908, 0
32, 7, 2686, 215129, 1265413, 1084, 1622077, 1603440, 940, 1598436, 0, 2767, 6661503, 0
32, 8, 3035, 237856, 1524295, 1177, 1802984, 1867126, 1030, 1815168, 0, 3151, 7756948, 0
32, 9, 2337, 283410, 1731579, 1336, 2044362, 2161694, 1157, 2042023, 0, 3650, 8926697, 0
32, 10, 2631, 310721, 1848403, 1461, 2213622, 2449311, 1254, 2215177, 0, 4015, 9869855, 0
orz103d map
gridSize, #Searches, DBA totalTime, DBA numStatesExpanded, DBA numStatesExpandedHC, PRA-C totalTime, PRA-C numStatesExpanded, PRA-C numStatesExpandedHC, PRA-P totalTime, PRA-P numStatesExpanded, PRA-P numStatesExpandedHC, PRA totalTime, PRA numStatesExpanded, PRA numStatesExpandedHC,
32, 1, 988, 0, 0, 84, 0, 0, 81, 0, 0, 84, 0, 0
32, 2, 1090, 23156, 173946, 247, 303557, 423502, 205, 305493, 0, 483, 1179785, 0
32, 3, 1067, 47867, 339242, 363, 473359, 935804, 285, 471683, 0, 871, 2354759, 0
32, 4, 1003, 72026, 529431, 485, 625318, 1438035, 355, 623823, 0, 1274, 3536210, 0
32, 5, 1136, 98176, 726242, 565, 760591, 1909740, 419, 761799, 0, 1627, 4719488, 0
32, 6, 1118, 114182, 845968, 677, 933589, 2430529, 489, 929576, 0, 2014, 5896836, 0
32, 7, 1237, 142349, 1028118, 786, 1092553, 2926910, 570, 1104039, 0, 2450, 7188668, 0
32, 8, 1143, 170092, 1200910, 887, 1245475, 3406645, 640, 1243254, 0, 2777, 8195190, 0
32, 9, 1127, 195890, 1402806, 1001, 1399720, 3936520, 705, 1395969, 0, 3198, 9482831, 0
32, 10, 1346, 227120, 1575729, 1096, 1555736, 4489506, 769, 1543342, 0, 3602, 10682655, 0
orz300d map
gridSize, #Searches, DBA totalTime, DBA numStatesExpanded, DBA numStatesExpandedHC, PRA-C totalTime, PRA-C numStatesExpanded, PRA-C numStatesExpandedHC, PRA-P totalTime, PRA-P numStatesExpanded, PRA-P numStatesExpandedHC, PRA totalTime, PRA numStatesExpanded, PRA numStatesExpandedHC,
32, 1, 2504, 0, 0, 129, 0, 0, 125, 0, 0, 132, 0, 0
32, 2, 2095, 47772, 197921, 342, 476110, 117877, 326, 467216, 0, 541, 1044533, 0
32, 3, 2371, 84686, 404660, 463, 726731, 287282, 428, 718938, 0, 943, 2088923, 0
32, 4, 2251, 165242, 608457, 566, 954227, 467257, 522, 954314, 0, 1338, 3119104, 0
32, 5, 2263, 207650, 807624, 705, 1211161, 647327, 642, 1210921, 0, 1765, 4187245, 0
32, 6, 2469, 242079, 994810, 824, 1430238, 828673, 740, 1411842, 0, 2209, 5252664, 0
32, 7, 2768, 286613, 1211762, 907, 1621040, 1012169, 824, 1605351, 0, 2616, 6295090, 0
32, 8, 2099, 336842, 1391112, 982, 1788709, 1201769, 888, 1802768, 0, 2898, 7193816, 0
32, 9, 2338, 383371, 1603250, 1104, 2049262, 1392972, 986, 2053674, 0, 3325, 8345418, 0
32, 10, 2215, 429831, 1806684, 1169, 2196614, 1568213, 1054, 2213649, 0, 3716, 9402503, 0
orz700d map
gridSize, #Searches, DBA totalTime, DBA numStatesExpanded, DBA numStatesExpandedHC, PRA-C totalTime, PRA-C numStatesExpanded, PRA-C numStatesExpandedHC, PRA-P totalTime, PRA-P numStatesExpanded, PRA-P numStatesExpandedHC, PRA totalTime, PRA numStatesExpanded, PRA numStatesExpandedHC,
32, 1, 1478, 0, 0, 97, 0, 0, 100, 0, 0, 96, 0, 0
32, 2, 1777, 13896, 279605, 238, 219893, 424340, 195, 219010, 0, 351, 770894, 0
32, 3, 1754, 26656, 539687, 339, 345717, 923653, 276, 349586, 0, 607, 1547409, 0
32, 4, 1672, 45353, 849833, 447, 453147, 1420095, 341, 452162, 0, 861, 2331722, 0
32, 5, 1492, 59782, 1138503, 535, 568398, 1935185, 398, 567479, 0, 1117, 3097984, 0
32, 6, 1866, 73049, 1347736, 645, 685089, 2479508, 466, 685898, 0, 1353, 3893521, 0
32, 7, 2191, 85617, 1640021, 735, 782807, 2968585, 515, 780995, 0, 1598, 4648927, 0
32, 8, 1814, 103501, 1927085, 817, 893701, 3444183, 581, 891474, 0, 1835, 5412863, 0
32, 9, 2004, 134225, 2366127, 919, 991896, 3961159, 644, 995822, 0, 2092, 6173802, 0
32, 10, 1873, 130004, 2537549, 1033, 1127311, 4507350, 721, 1126732, 0, 2389, 7030429, 0
orz702d map
gridSize, #Searches, DBA totalTime, DBA numStatesExpanded, DBA numStatesExpandedHC, PRA-C totalTime, PRA-C numStatesExpanded, PRA-C numStatesExpandedHC, PRA-P totalTime, PRA-P numStatesExpanded, PRA-P numStatesExpandedHC, PRA totalTime, PRA numStatesExpanded, PRA numStatesExpandedHC,
32, 1, 1625, 0, 0, 103, 0, 0, 105, 0, 0, 103, 0, 0
32, 2, 1438, 24430, 367310, 234, 224934, 381202, 201, 224872, 0, 382, 820823, 0
32, 3, 1637, 48621, 717759, 322, 344165, 816609, 269, 346410, 0, 651, 1659022, 0
32, 4, 1651, 64155, 1072553, 417, 455499, 1277096, 320, 458583, 0, 922, 2513067, 0
32, 5, 1574, 94118, 1420271, 510, 568073, 1750338, 382, 566389, 0, 1190, 3355145, 0
32, 6, 1633, 114134, 1838503, 598, 663350, 2202383, 435, 673312, 0, 1453, 4159833, 0
32, 7, 1862, 139737, 2229665, 678, 776108, 2639749, 491, 771717, 0, 1720, 4976428, 0
32, 8, 1766, 171541, 2571584, 766, 898256, 3092906, 550, 893877, 0, 1997, 5813494, 0
32, 9, 1724, 199885, 2923646, 848, 992240, 3543135, 595, 993478, 0, 2261, 6686670, 0
32, 10, 1916, 223827, 3278668, 926, 1091201, 4011307, 641, 1094179, 0, 2522, 7544750, 0
orz900d map
gridSize, #Searches, DBA totalTime, DBA numStatesExpanded, DBA numStatesExpandedHC, PRA-C totalTime, PRA-C numStatesExpanded, PRA-C numStatesExpandedHC, PRA-P totalTime, PRA-P numStatesExpanded, PRA-P numStatesExpandedHC, PRA totalTime, PRA numStatesExpanded, PRA numStatesExpandedHC,
32, 1, 1635, 0, 0, 94, 0, 0, 100, 0, 0, 96, 0, 0
32, 2, 1929, 12930, 307291, 337, 308722, 873378, 262, 311463, 0, 1015, 2529080, 0
32, 3, 2000, 26258, 668046, 513, 458843, 1802745, 379, 458018, 0, 1895, 4996314, 0
32, 4, 2020, 32752, 919756, 676, 581073, 2744566, 478, 588420, 0, 2840, 7593781, 0
32, 5, 2192, 49394, 1250017, 839, 713539, 3711145, 569, 715054, 0, 3755, 10117754, 0
32, 6, 2282, 59014, 1500131, 1002, 858108, 4655404, 678, 854925, 0, 4628, 12557001, 0
32, 7, 1873, 75834, 1854502, 1175, 1008860, 5607777, 776, 996789, 0, 5521, 14967313, 0
32, 8, 2063, 80110, 2102165, 1343, 1135671, 6544491, 880, 1126544, 0, 6498, 17630329, 0
32, 9, 2082, 83530, 2459549, 1500, 1260461, 7482129, 976, 1252341, 0, 7544, 20170348, 0
32, 10, 2260, 100831, 2895809, 1678, 1424471, 8411620, 1093, 1438976, 0, 8469, 22466619, 0
ost000a map
gridSize, #Searches, DBA totalTime, DBA numStatesExpanded, DBA numStatesExpandedHC, PRA-C totalTime, PRA-C numStatesExpanded, PRA-C numStatesExpandedHC, PRA-P totalTime, PRA-P numStatesExpanded, PRA-P numStatesExpandedHC, PRA totalTime, PRA numStatesExpanded, PRA numStatesExpandedHC,
32, 1, 2835, 0, 0, 125, 0, 0, 128, 0, 0, 124, 0, 0
32, 2, 2607, 26011, 270388, 295, 309494, 316385, 266, 304308, 0, 438, 893840, 0
32, 3, 2826, 51062, 561915, 410, 507540, 684820, 357, 506497, 0, 741, 1789259, 0
32, 4, 2514, 78446, 881177, 538, 695541, 1075713, 445, 691502, 0, 1071, 2753815, 0
32, 5, 2630, 104438, 1154986, 670, 879998, 1458516, 545, 871400, 0, 1382, 3639005, 0
32, 6, 2368, 125082, 1371082, 770, 1053385, 1815856, 637, 1063321, 0, 1666, 4513709, 0
32, 7, 2833, 168772, 1729088, 889, 1213252, 2235427, 714, 1206445, 0, 1990, 5418619, 0
32, 8, 2969, 175665, 2007144, 981, 1371512, 2583393, 789, 1364348, 0, 2275, 6305060, 0
32, 9, 2312, 197130, 2282232, 1087, 1499563, 2991442, 854, 1489208, 0, 2626, 7265742, 0
32, 10, 2860, 223485, 2647052, 1221, 1730437, 3395262, 971, 1744868, 0, 2946, 8227180, 0
ost000t map
gridSize, #Searches, DBA totalTime, DBA numStatesExpanded, DBA numStatesExpandedHC, PRA-C totalTime, PRA-C numStatesExpanded, PRA-C numStatesExpandedHC, PRA-P totalTime, PRA-P numStatesExpanded, PRA-P numStatesExpandedHC, PRA totalTime, PRA numStatesExpanded, PRA numStatesExpandedHC,
32, 1, 2523, 0, 0, 125, 0, 0, 125, 0, 0, 125, 0, 0
32, 2, 2640, 31293, 287671, 266, 272402, 289726, 241, 269797, 0, 380, 769823, 0
32, 3, 2239, 66772, 601869, 381, 446238, 638331, 329, 447178, 0, 654, 1552619, 0
32, 4, 2574, 81518, 897312, 482, 598849, 998642, 406, 602308, 0, 917, 2339257, 0
32, 5, 2650, 111033, 1150794, 597, 756319, 1366961, 500, 766994, 0, 1197, 3149591, 0
32, 6, 2407, 154571, 1462406, 682, 897481, 1704458, 556, 899772, 0, 1426, 3876498, 0
32, 7, 2508, 190176, 1724480, 784, 1056233, 2062068, 624, 1046948, 0, 1682, 4706437, 0
32, 8, 2708, 198684, 2045120, 882, 1209543, 2427583, 713, 1209592, 0, 1936, 5427122, 0
32, 9, 2821, 256667, 2425182, 979, 1351533, 2779118, 776, 1349574, 0, 2203, 6226345, 0
32, 10, 2757, 275607, 2650081, 1086, 1509544, 3144868, 861, 1503731, 0, 2460, 6966843, 0
ost100d map
gridSize, #Searches, DBA totalTime, DBA numStatesExpanded, DBA numStatesExpandedHC, PRA-C totalTime, PRA-C numStatesExpanded, PRA-C numStatesExpandedHC, PRA-P totalTime, PRA-P numStatesExpanded, PRA-P numStatesExpandedHC, PRA totalTime, PRA numStatesExpanded, PRA numStatesExpandedHC,
32, 1, 3592, 0, 0, 121, 0, 0, 126, 0, 0, 115, 0, 0
32, 2, 3475, 26673, 301584, 281, 231111, 242511, 264, 236311, 0, 390, 575810, 0
32, 3, 3274, 56695, 638957, 403, 374955, 555760, 354, 374081, 0, 665, 1174359, 0
32, 4, 4137, 78536, 913756, 514, 512063, 857608, 439, 501314, 0, 914, 1726005, 0
32, 5, 3381, 107022, 1219742, 611, 620331, 1176718, 510, 616763, 0, 1178, 2314023, 0
32, 6, 4323, 129592, 1531306, 714, 738184, 1488355, 597, 737875, 0, 1422, 2875781, 0
32, 7, 3904, 173955, 1864222, 813, 857027, 1818856, 673, 857344, 0, 1688, 3462602, 0
32, 8, 3712, 186455, 2097907, 930, 981876, 2128311, 764, 976767, 0, 1972, 4016805, 0
32, 9, 3966, 200939, 2475295, 1037, 1123135, 2467657, 854, 1122382, 0, 2206, 4626613, 0
32, 10, 3997, 246910, 2746687, 1117, 1235519, 2782509, 924, 1238000, 0, 2502, 5289551, 0
