Number of goals: 10000
hrt000d map
grid, DBA totalTime, DBA numStatesExpanded, DBA numStatesExpandedHC, DBA Path Cost, PRA-C totalTime, PRA-C numStatesExpanded, PRA-C numStatesExpandedHC, PRA-C Path Cost, PRA-P totalTime, PRA-P numStatesExpanded, PRA-P numStatesExpandedHC, PRA-P Path Cost, PRA totalTime, PRA numStatesExpanded, PRA numStatesExpandedHC, PRA Path Cost, A* totalTime, A* numStatesExpanded, A* numStatesExpandedHC, A* Path Cost
16, 549, 23100, 2632104, 28976206, 890, 495767, 2258504, 29211662, 706, 495767, 0, 29156459, 1416, 3214606, 0, 29156459, 61359, 111706158, 0, 28088944
32, 371, 203158, 2761547, 31693856, 861, 1530349, 2081592, 31668770, 706, 1530349, 0, 31529328, 2338, 6501048, 0, 31529328, 63511, 116847309, 0, 28962701
64, 977, 1823125, 3048030, 35592148, 3223, 7743755, 1762825, 34902401, 3083, 7743755, 0, 34853220, 8875, 21563445, 0, 34853220, 71419, 130264640, 0, 30984396
128, 6585, 14240999, 4675555, 56574594, 48654, 96318311, 1668176, 51712740, 48486, 96318311, 0, 51430033, 77190, 155230634, 0, 51430033, 101849, 183601989, 0, 36919750
orz100d map
grid, DBA totalTime, DBA numStatesExpanded, DBA numStatesExpandedHC, DBA Path Cost, PRA-C totalTime, PRA-C numStatesExpanded, PRA-C numStatesExpandedHC, PRA-C Path Cost, PRA-P totalTime, PRA-P numStatesExpanded, PRA-P numStatesExpandedHC, PRA-P Path Cost, PRA totalTime, PRA numStatesExpanded, PRA numStatesExpandedHC, PRA Path Cost, A* totalTime, A* numStatesExpanded, A* numStatesExpandedHC, A* Path Cost
16, 588, 32483, 3604244, 39171955, 1544, 536721, 3242466, 39306818, 1295, 536721, 0, 39165018, 2653, 5306813, 0, 39165018, 123580, 241674387, 0, 36522474
32, 470, 307265, 3616410, 41172851, 1336, 2139418, 2978762, 41549725, 1099, 2139418, 0, 41232856, 4380, 11542998, 0, 41232856, 127155, 248305266, 0, 37403642
64, 1465, 2768028, 4249929, 50094544, 13055, 27910199, 2775600, 49594548, 12817, 27910199, 0, 49079952, 28963, 63095016, 0, 49079952, 139764, 272721165, 0, 40174852
128, 3388, 7655215, 4981006, 62694763, 31995, 66099961, 2172397, 58550336, 31979, 66099961, 0, 58155026, 77662, 158716660, 0, 58155026, 184897, 356876645, 0, 48004008
orz103d map
grid, DBA totalTime, DBA numStatesExpanded, DBA numStatesExpandedHC, DBA Path Cost, PRA-C totalTime, PRA-C numStatesExpanded, PRA-C numStatesExpandedHC, PRA-C Path Cost, PRA-P totalTime, PRA-P numStatesExpanded, PRA-P numStatesExpandedHC, PRA-P Path Cost, PRA totalTime, PRA numStatesExpanded, PRA numStatesExpandedHC, PRA Path Cost, A* totalTime, A* numStatesExpanded, A* numStatesExpandedHC, A* Path Cost
16, 954, 52329, 5862722, 60282244, 1845, 464858, 5532359, 60324384, 1209, 464858, 0, 60083296, 3904, 7175980, 0, 60083296, 96739, 150158850, 0, 56574040
32, 555, 317059, 5813458, 61823372, 1106, 1544460, 5219544, 61685275, 736, 1544460, 0, 61012254, 3918, 12232203, 0, 61012254, 69771, 152431527, 0, 57420946
64, 980, 1539305, 5855408, 65186298, 3394, 8268952, 4607053, 64196096, 3044, 8268952, 0, 63449474, 11053, 29911438, 0, 63449474, 74528, 162044455, 0, 60450951
128, 3226, 7469621, 7248655, 85358328, 17347, 40179503, 4336549, 78712873, 17000, 40179503, 0, 77288538, 43641, 102902301, 0, 77288538, 85714, 186131661, 0, 67955932
orz300d map
grid, DBA totalTime, DBA numStatesExpanded, DBA numStatesExpandedHC, DBA Path Cost, PRA-C totalTime, PRA-C numStatesExpanded, PRA-C numStatesExpandedHC, PRA-C Path Cost, PRA-P totalTime, PRA-P numStatesExpanded, PRA-P numStatesExpandedHC, PRA-P Path Cost, PRA totalTime, PRA numStatesExpanded, PRA numStatesExpandedHC, PRA Path Cost, A* totalTime, A* numStatesExpanded, A* numStatesExpandedHC, A* Path Cost
16, 491, 44093, 2577326, 27995613, 868, 522912, 2222760, 28210592, 699, 522912, 0, 28064981, 1773, 4205172, 0, 28064981, 56225, 110272880, 0, 26016624
32, 381, 279580, 2609063, 29433584, 1060, 2162892, 1936118, 29332078, 918, 2162892, 0, 29192764, 4145, 10837792, 0, 29192764, 58101, 113986020, 0, 26683503
64, 1050, 2076502, 2947178, 34048194, 4923, 11601144, 1654933, 33122378, 4762, 11601144, 0, 32897662, 11905, 27924644, 0, 32897662, 62905, 123766662, 0, 28246268
128, 5504, 12635381, 3535735, 44023990, 26498, 56554524, 872252, 39235484, 26448, 56554524, 0, 39174780, 37145, 79230052, 0, 39174780, 75269, 146521570, 0, 31252664
orz700d map
grid, DBA totalTime, DBA numStatesExpanded, DBA numStatesExpandedHC, DBA Path Cost, PRA-C totalTime, PRA-C numStatesExpanded, PRA-C numStatesExpandedHC, PRA-C Path Cost, PRA-P totalTime, PRA-P numStatesExpanded, PRA-P numStatesExpandedHC, PRA-P Path Cost, PRA totalTime, PRA numStatesExpanded, PRA numStatesExpandedHC, PRA Path Cost, A* totalTime, A* numStatesExpanded, A* numStatesExpandedHC, A* Path Cost
16, 707, 10918, 5915186, 62579333, 1503, 414152, 5557043, 62701928, 1072, 414152, 0, 62602022, 2617, 6464031, 0, 62602022, 99959, 195589568, 0, 59592702
32, 554, 141526, 5860745, 64072835, 1035, 1094124, 5221285, 64062694, 664, 1094124, 0, 63665482, 2579, 7965206, 0, 63665482, 102061, 199067502, 0, 60370892
64, 841, 1003176, 6112552, 69063579, 2809, 6284934, 4889792, 68396158, 2457, 6284934, 0, 67778805, 12538, 32309574, 0, 67778805, 106507, 208103937, 0, 62695645
128, 1695, 3138289, 6514022, 75878120, 12301, 28236404, 4075386, 73745500, 11911, 28236404, 0, 73071858, 34410, 78222054, 0, 73071858, 114193, 221400340, 0, 65666188
orz702d map
grid, DBA totalTime, DBA numStatesExpanded, DBA numStatesExpandedHC, DBA Path Cost, PRA-C totalTime, PRA-C numStatesExpanded, PRA-C numStatesExpandedHC, PRA-C Path Cost, PRA-P totalTime, PRA-P numStatesExpanded, PRA-P numStatesExpandedHC, PRA-P Path Cost, PRA totalTime, PRA numStatesExpanded, PRA numStatesExpandedHC, PRA Path Cost, A* totalTime, A* numStatesExpanded, A* numStatesExpandedHC, A* Path Cost
16, 611, 14530, 5390028, 57205735, 1395, 412977, 5034955, 57300992, 1013, 412977, 0, 57091576, 2470, 5988493, 0, 57091576, 104112, 201670107, 0, 55293205
32, 495, 111322, 5372678, 59064919, 939, 1070660, 4732989, 59038432, 589, 1070660, 0, 58763094, 2785, 8603410, 0, 58763094, 106025, 205084215, 0, 56136576
64, 631, 600392, 5606662, 64013978, 2194, 4966445, 4394772, 63587424, 1899, 4966445, 0, 62949840, 8210, 22061466, 0, 62949840, 113017, 218451746, 0, 59253160
128, 1989, 3851018, 6761556, 79676768, 13295, 28214908, 4348136, 75676214, 13003, 28214908, 0, 74887368, 36166, 77244346, 0, 74887368, 126668, 244487680, 0, 64251720
orz900d map
grid, DBA totalTime, DBA numStatesExpanded, DBA numStatesExpandedHC, DBA Path Cost, PRA-C totalTime, PRA-C numStatesExpanded, PRA-C numStatesExpandedHC, PRA-C Path Cost, PRA-P totalTime, PRA-P numStatesExpanded, PRA-P numStatesExpandedHC, PRA-P Path Cost, PRA totalTime, PRA numStatesExpanded, PRA numStatesExpandedHC, PRA Path Cost, A* totalTime, A* numStatesExpanded, A* numStatesExpandedHC, A* Path Cost
16, 1048, 16566, 10352965, 106581630, 2627, 414930, 10008252, 106919179, 1832, 414930, 0, 106530768, 4835, 11936273, 0, 106530768, 183353, 360158740, 0, 99814182
32, 871, 160544, 10321968, 110288034, 1738, 1379986, 9677121, 110165936, 1042, 1379986, 0, 109468915, 9628, 25621935, 0, 109468915, 185434, 365452836, 0, 101174387
64, 1215, 1206678, 10547818, 115048493, 2882, 5302684, 9384554, 114563960, 2225, 5302684, 0, 113449436, 17483, 43758856, 0, 113449436, 193688, 381688916, 0, 105378025
128, 2197, 3496627, 10565433, 119369519, 12538, 25800909, 8263670, 117116548, 11931, 25800909, 0, 115502044, 57296, 120859351, 0, 115502044, 205292, 403311763, 0, 110478482
ost000a map
grid, DBA totalTime, DBA numStatesExpanded, DBA numStatesExpandedHC, DBA Path Cost, PRA-C totalTime, PRA-C numStatesExpanded, PRA-C numStatesExpandedHC, PRA-C Path Cost, PRA-P totalTime, PRA-P numStatesExpanded, PRA-P numStatesExpandedHC, PRA-P Path Cost, PRA totalTime, PRA numStatesExpanded, PRA numStatesExpandedHC, PRA Path Cost, A* totalTime, A* numStatesExpanded, A* numStatesExpandedHC, A* Path Cost
16, 780, 38343, 4472721, 46656730, 1536, 532089, 4103788, 46818990, 1205, 532089, 0, 46658733, 2518, 5570427, 0, 46658733, 109387, 205375053, 0, 44721718
32, 539, 233531, 4641914, 49650253, 1153, 1704400, 3980786, 49916651, 878, 1704400, 0, 49635356, 3155, 9332013, 0, 49635356, 112432, 210691278, 0, 45713032
64, 923, 1432652, 4937188, 55000360, 3233, 7600915, 3723230, 54265946, 2949, 7600915, 0, 53809608, 9288, 23745404, 0, 53809608, 117647, 220727478, 0, 47298051
128, 3388, 7404122, 5728112, 65651316, 20934, 44664910, 3347781, 62591762, 20735, 44664910, 0, 62292612, 35151, 76435385, 0, 62292612, 132855, 248601347, 0, 51495887
ost000t map
grid, DBA totalTime, DBA numStatesExpanded, DBA numStatesExpandedHC, DBA Path Cost, PRA-C totalTime, PRA-C numStatesExpanded, PRA-C numStatesExpandedHC, PRA-C Path Cost, PRA-P totalTime, PRA-P numStatesExpanded, PRA-P numStatesExpandedHC, PRA-P Path Cost, PRA totalTime, PRA numStatesExpanded, PRA numStatesExpandedHC, PRA Path Cost, A* totalTime, A* numStatesExpanded, A* numStatesExpandedHC, A* Path Cost
16, 673, 32307, 4306622, 44639297, 1419, 495379, 3951345, 44846424, 1121, 495379, 0, 44675912, 2352, 5283308, 0, 44675912, 100592, 192048748, 0, 42559672
32, 501, 238456, 4387796, 47078861, 1029, 1454319, 3726416, 47039926, 767, 1454319, 0, 46887783, 2689, 8023334, 0, 46887783, 103177, 196693135, 0, 43362315
64, 897, 1367830, 4710979, 52831006, 2998, 6985322, 3515657, 52357575, 2717, 6985322, 0, 51922415, 8262, 21385448, 0, 51922415, 110570, 210117692, 0, 45850196
128, 3851, 8384161, 5467226, 63325663, 20070, 42581254, 3105840, 60457475, 19685, 42581254, 0, 60072796, 28544, 63634911, 0, 60072796, 128723, 243264092, 0, 51105374
ost100d map
grid, DBA totalTime, DBA numStatesExpanded, DBA numStatesExpandedHC, DBA Path Cost, PRA-C totalTime, PRA-C numStatesExpanded, PRA-C numStatesExpandedHC, PRA-C Path Cost, PRA-P totalTime, PRA-P numStatesExpanded, PRA-P numStatesExpandedHC, PRA-P Path Cost, PRA totalTime, PRA numStatesExpanded, PRA numStatesExpandedHC, PRA Path Cost, A* totalTime, A* numStatesExpanded, A* numStatesExpandedHC, A* Path Cost
16, 701, 12773, 3871988, 43493017, 1424, 451357, 3491129, 43591636, 1173, 451357, 0, 43513442, 2445, 4316220, 0, 43513442, 113488, 199523370, 0, 42216726
32, 467, 122335, 3992876, 45946088, 1058, 1189946, 3319657, 46048266, 821, 1189946, 0, 45802878, 2677, 5968518, 0, 45802878, 117551, 205313546, 0, 43143690
64, 1014, 1252156, 4269576, 49905211, 2463, 4704574, 3022762, 49559078, 2241, 4704574, 0, 49318932, 6218, 13890652, 0, 49318932, 123194, 216087818, 0, 44956137
128, 3026, 5583110, 5208558, 62791010, 19056, 35671516, 2759155, 60872087, 18818, 35671516, 0, 60343786, 39989, 74472010, 0, 60343786, 141705, 246967176, 0, 49336939
